#
# There is insufficient memory for the Java Runtime Environment to continue.
# Native memory allocation (malloc) failed to allocate 72896 bytes for Chunk::new
# Possible reasons:
#   The system is out of physical RAM or swap space
#   In 32 bit mode, the process size limit was hit
# Possible solutions:
#   Reduce memory load on the system
#   Increase physical memory or swap space
#   Check if swap backing store is full
#   Use 64 bit Java on a 64 bit OS
#   Decrease Java heap size (-Xmx/-Xms)
#   Decrease number of Java threads
#   Decrease Java thread stack sizes (-Xss)
#   Set larger code cache with -XX:ReservedCodeCacheSize=
# This output file may be truncated or incomplete.
#
#  Out of Memory Error (allocation.cpp:390), pid=8856, tid=0x00000000000032fc
#
# JRE version: Java(TM) SE Runtime Environment (8.0_171-b11) (build 1.8.0_171-b11)
# Java VM: Java HotSpot(TM) 64-Bit Server VM (25.171-b11 mixed mode windows-amd64 compressed oops)
# Failed to write core dump. Minidumps are not enabled by default on client versions of Windows
#

---------------  T H R E A D  ---------------

Current thread (0x00000000170c5800):  JavaThread "C2 CompilerThread1" daemon [_thread_in_native, id=13052, stack(0x0000000018810000,0x0000000018910000)]

Stack: [0x0000000018810000,0x0000000018910000]
[error occurred during error reporting (printing stack bounds), id 0xc0000005]

Native frames: (J=compiled Java code, j=interpreted, Vv=VM code, C=native code)


Current CompileTask:
C2:  29891 1687       4       java.util.regex.Pattern$Slice::match (79 bytes)


---------------  P R O C E S S  ---------------

Java Threads: ( => current thread )
  0x0000000018a1a800 JavaThread "Keep-Alive-Timer" daemon [_thread_blocked, id=16056, stack(0x000000001a750000,0x000000001a850000)]
  0x0000000018a1a000 JavaThread "Exec Stream Pumper" daemon [_thread_in_native, id=18892, stack(0x000000001a650000,0x000000001a750000)]
  0x0000000018a19000 JavaThread "Exec Stream Pumper" daemon [_thread_in_native, id=1840, stack(0x000000001a550000,0x000000001a650000)]
  0x0000000018a18800 JavaThread "Exec Default Executor" daemon [_thread_in_native, id=16092, stack(0x000000001a350000,0x000000001a450000)]
  0x00000000196ea800 JavaThread "Okio Watchdog" daemon [_thread_blocked, id=1084, stack(0x000000001ab50000,0x000000001ac50000)]
  0x000000001966a000 JavaThread "OkHttp ConnectionPool" daemon [_thread_blocked, id=16180, stack(0x000000001aa50000,0x000000001ab50000)]
  0x000000001913d800 JavaThread "UrlChecker-2" daemon [_thread_blocked, id=12360, stack(0x000000001a450000,0x000000001a550000)]
  0x0000000019030800 JavaThread "ReaderThread" [_thread_in_native, id=15940, stack(0x0000000019c50000,0x0000000019d50000)]
  0x0000000018a48800 JavaThread "Service Thread" daemon [_thread_blocked, id=18144, stack(0x0000000018e10000,0x0000000018f10000)]
  0x00000000170d7800 JavaThread "C1 CompilerThread2" daemon [_thread_in_native, id=2240, stack(0x0000000018910000,0x0000000018a10000)]
=>0x00000000170c5800 JavaThread "C2 CompilerThread1" daemon [_thread_in_native, id=13052, stack(0x0000000018810000,0x0000000018910000)]
  0x00000000170c2000 JavaThread "C2 CompilerThread0" daemon [_thread_blocked, id=8524, stack(0x0000000018710000,0x0000000018810000)]
  0x00000000170c0000 JavaThread "Attach Listener" daemon [_thread_blocked, id=18364, stack(0x0000000018610000,0x0000000018710000)]
  0x00000000170bf000 JavaThread "Signal Dispatcher" daemon [_thread_blocked, id=5692, stack(0x0000000018510000,0x0000000018610000)]
  0x000000000256c800 JavaThread "Finalizer" daemon [_thread_blocked, id=14664, stack(0x0000000018310000,0x0000000018410000)]
  0x0000000002561800 JavaThread "Reference Handler" daemon [_thread_blocked, id=17396, stack(0x0000000018210000,0x0000000018310000)]
  0x0000000002472800 JavaThread "main" [_thread_in_Java, id=10112, stack(0x0000000002370000,0x0000000002470000)]

Other Threads:
  0x0000000017087800 VMThread [stack: 0x0000000018110000,0x0000000018210000] [id=14096]
  0x0000000018a6b800 WatcherThread [stack: 0x0000000018f10000,0x0000000019010000] [id=6904]

VM state:not at safepoint (normal execution)

VM Mutex/Monitor currently owned by a thread: None

Heap:
 PSYoungGen      total 38400K, used 8267K [0x00000000d5d80000, 0x00000000d8f00000, 0x0000000100000000)
  eden space 33280K, 9% used [0x00000000d5d80000,0x00000000d6094558,0x00000000d7e00000)
  from space 5120K, 99% used [0x00000000d8300000,0x00000000d87fe710,0x00000000d8800000)
  to   space 5120K, 0% used [0x00000000d7e00000,0x00000000d7e00000,0x00000000d8300000)
 ParOldGen       total 62464K, used 4793K [0x0000000081800000, 0x0000000085500000, 0x00000000d5d80000)
  object space 62464K, 7% used [0x0000000081800000,0x0000000081cae558,0x0000000085500000)
 Metaspace       used 16970K, capacity 17732K, committed 17792K, reserved 1091584K
  class space    used 2167K, capacity 2376K, committed 2432K, reserved 1048576K

Card table byte_map: [0x0000000011930000,0x0000000011d30000] byte_map_base: 0x0000000011524000

Marking Bits: (ParMarkBitMap*) 0x000000005a9108c0
 Begin Bits: [0x00000000123e0000, 0x0000000014380000)
 End Bits:   [0x0000000014380000, 0x0000000016320000)

Polling page: 0x0000000000580000

CodeCache: size=245760Kb used=5599Kb max_used=5599Kb free=240160Kb
 bounds [0x0000000002570000, 0x0000000002af0000, 0x0000000011570000]
 total_blobs=2102 nmethods=1680 adapters=334
 compilation: enabled

Compilation events (10 events):
Event: 29.868 Thread 0x00000000170d7800 1683       1       java.lang.invoke.SimpleMethodHandle::fieldCount (2 bytes)
Event: 29.868 Thread 0x00000000170d7800 nmethod 1683 0x0000000002ae56d0 code [0x0000000002ae5820, 0x0000000002ae5930]
Event: 29.868 Thread 0x00000000170d7800 1684       3       java.lang.invoke.DirectMethodHandle::shouldBeInitialized (123 bytes)
Event: 29.870 Thread 0x00000000170d7800 nmethod 1684 0x0000000002ae5990 code [0x0000000002ae5b60, 0x0000000002ae62a8]
Event: 29.870 Thread 0x00000000170d7800 1685       3       java.util.stream.Sink$ChainedReference::<init> (16 bytes)
Event: 29.870 Thread 0x00000000170d7800 nmethod 1685 0x0000000002ae6410 code [0x0000000002ae6580, 0x0000000002ae68a8]
Event: 29.871 Thread 0x00000000170d7800 1686       1       java.lang.StackTraceElement::getClassName (5 bytes)
Event: 29.871 Thread 0x00000000170d7800 nmethod 1686 0x0000000002ae6a10 code [0x0000000002ae6b60, 0x0000000002ae6c70]
Event: 29.872 Thread 0x00000000170c5800 1687       4       java.util.regex.Pattern$Slice::match (79 bytes)
Event: 29.881 Thread 0x00000000170d7800 1689       3       org.testng.shaded.com.google.gson.internal.bind.TypeAdapters$32::create (20 bytes)

GC Heap History (6 events):
Event: 4.592 GC heap before
{Heap before GC invocations=1 (full 0):
 PSYoungGen      total 38400K, used 24682K [0x00000000d5d80000, 0x00000000d8800000, 0x0000000100000000)
  eden space 33280K, 74% used [0x00000000d5d80000,0x00000000d759a850,0x00000000d7e00000)
  from space 5120K, 0% used [0x00000000d8300000,0x00000000d8300000,0x00000000d8800000)
  to   space 5120K, 0% used [0x00000000d7e00000,0x00000000d7e00000,0x00000000d8300000)
 ParOldGen       total 87552K, used 0K [0x0000000081800000, 0x0000000086d80000, 0x00000000d5d80000)
  object space 87552K, 0% used [0x0000000081800000,0x0000000081800000,0x0000000086d80000)
 Metaspace       used 10321K, capacity 10394K, committed 10496K, reserved 1060864K
  class space    used 1236K, capacity 1253K, committed 1280K, reserved 1048576K
Event: 4.610 GC heap after
Heap after GC invocations=1 (full 0):
 PSYoungGen      total 38400K, used 4644K [0x00000000d5d80000, 0x00000000d8800000, 0x0000000100000000)
  eden space 33280K, 0% used [0x00000000d5d80000,0x00000000d5d80000,0x00000000d7e00000)
  from space 5120K, 90% used [0x00000000d7e00000,0x00000000d8289108,0x00000000d8300000)
  to   space 5120K, 0% used [0x00000000d8300000,0x00000000d8300000,0x00000000d8800000)
 ParOldGen       total 87552K, used 80K [0x0000000081800000, 0x0000000086d80000, 0x00000000d5d80000)
  object space 87552K, 0% used [0x0000000081800000,0x0000000081814010,0x0000000086d80000)
 Metaspace       used 10321K, capacity 10394K, committed 10496K, reserved 1060864K
  class space    used 1236K, capacity 1253K, committed 1280K, reserved 1048576K
}
Event: 4.610 GC heap before
{Heap before GC invocations=2 (full 1):
 PSYoungGen      total 38400K, used 4644K [0x00000000d5d80000, 0x00000000d8800000, 0x0000000100000000)
  eden space 33280K, 0% used [0x00000000d5d80000,0x00000000d5d80000,0x00000000d7e00000)
  from space 5120K, 90% used [0x00000000d7e00000,0x00000000d8289108,0x00000000d8300000)
  to   space 5120K, 0% used [0x00000000d8300000,0x00000000d8300000,0x00000000d8800000)
 ParOldGen       total 87552K, used 80K [0x0000000081800000, 0x0000000086d80000, 0x00000000d5d80000)
  object space 87552K, 0% used [0x0000000081800000,0x0000000081814010,0x0000000086d80000)
 Metaspace       used 10321K, capacity 10394K, committed 10496K, reserved 1060864K
  class space    used 1236K, capacity 1253K, committed 1280K, reserved 1048576K
Event: 4.659 GC heap after
Heap after GC invocations=2 (full 1):
 PSYoungGen      total 38400K, used 0K [0x00000000d5d80000, 0x00000000d8800000, 0x0000000100000000)
  eden space 33280K, 0% used [0x00000000d5d80000,0x00000000d5d80000,0x00000000d7e00000)
  from space 5120K, 0% used [0x00000000d7e00000,0x00000000d7e00000,0x00000000d8300000)
  to   space 5120K, 0% used [0x00000000d8300000,0x00000000d8300000,0x00000000d8800000)
 ParOldGen       total 62464K, used 4485K [0x0000000081800000, 0x0000000085500000, 0x00000000d5d80000)
  object space 62464K, 7% used [0x0000000081800000,0x0000000081c61580,0x0000000085500000)
 Metaspace       used 10321K, capacity 10394K, committed 10496K, reserved 1060864K
  class space    used 1236K, capacity 1253K, committed 1280K, reserved 1048576K
}
Event: 28.594 GC heap before
{Heap before GC invocations=3 (full 1):
 PSYoungGen      total 38400K, used 33280K [0x00000000d5d80000, 0x00000000d8800000, 0x0000000100000000)
  eden space 33280K, 100% used [0x00000000d5d80000,0x00000000d7e00000,0x00000000d7e00000)
  from space 5120K, 0% used [0x00000000d7e00000,0x00000000d7e00000,0x00000000d8300000)
  to   space 5120K, 0% used [0x00000000d8300000,0x00000000d8300000,0x00000000d8800000)
 ParOldGen       total 62464K, used 4485K [0x0000000081800000, 0x0000000085500000, 0x00000000d5d80000)
  object space 62464K, 7% used [0x0000000081800000,0x0000000081c61580,0x0000000085500000)
 Metaspace       used 16905K, capacity 17668K, committed 17792K, reserved 1067008K
  class space    used 2157K, capacity 2364K, committed 2432K, reserved 1048576K
Event: 28.633 GC heap after
Heap after GC invocations=3 (full 1):
 PSYoungGen      total 38400K, used 5113K [0x00000000d5d80000, 0x00000000d8f00000, 0x0000000100000000)
  eden space 33280K, 0% used [0x00000000d5d80000,0x00000000d5d80000,0x00000000d7e00000)
  from space 5120K, 99% used [0x00000000d8300000,0x00000000d87fe710,0x00000000d8800000)
  to   space 5120K, 0% used [0x00000000d7e00000,0x00000000d7e00000,0x00000000d8300000)
 ParOldGen       total 62464K, used 4793K [0x0000000081800000, 0x0000000085500000, 0x00000000d5d80000)
  object space 62464K, 7% used [0x0000000081800000,0x0000000081cae558,0x0000000085500000)
 Metaspace       used 16905K, capacity 17668K, committed 17792K, reserved 1067008K
  class space    used 2157K, capacity 2364K, committed 2432K, reserved 1048576K
}

Deoptimization events (10 events):
Event: 8.035 Thread 0x0000000002472800 Uncommon trap: reason=class_check action=maybe_recompile pc=0x00000000029addc4 method=java.util.regex.Matcher.search(I)Z @ 86
Event: 8.035 Thread 0x0000000002472800 Uncommon trap: reason=class_check action=maybe_recompile pc=0x000000000296eaf4 method=java.util.regex.Pattern$Curly.match(Ljava/util/regex/Matcher;ILjava/lang/CharSequence;)Z @ 19
Event: 8.035 Thread 0x0000000002472800 Uncommon trap: reason=class_check action=maybe_recompile pc=0x00000000029addc4 method=java.util.regex.Matcher.search(I)Z @ 86
Event: 8.035 Thread 0x0000000002472800 Uncommon trap: reason=class_check action=maybe_recompile pc=0x00000000029addc4 method=java.util.regex.Matcher.search(I)Z @ 86
Event: 8.035 Thread 0x0000000002472800 Uncommon trap: reason=class_check action=maybe_recompile pc=0x00000000029addc4 method=java.util.regex.Matcher.search(I)Z @ 86
Event: 8.035 Thread 0x0000000002472800 Uncommon trap: reason=class_check action=maybe_recompile pc=0x000000000296eaf4 method=java.util.regex.Pattern$Curly.match(Ljava/util/regex/Matcher;ILjava/lang/CharSequence;)Z @ 19
Event: 8.056 Thread 0x0000000002472800 Uncommon trap: reason=class_check action=maybe_recompile pc=0x000000000296eaf4 method=java.util.regex.Pattern$Curly.match(Ljava/util/regex/Matcher;ILjava/lang/CharSequence;)Z @ 19
Event: 8.057 Thread 0x0000000002472800 Uncommon trap: reason=class_check action=maybe_recompile pc=0x000000000296eaf4 method=java.util.regex.Pattern$Curly.match(Ljava/util/regex/Matcher;ILjava/lang/CharSequence;)Z @ 19
Event: 8.167 Thread 0x0000000002472800 Uncommon trap: reason=unstable_if action=reinterpret pc=0x00000000028c889c method=java.util.regex.Pattern$BmpCharProperty.match(Ljava/util/regex/Matcher;ILjava/lang/CharSequence;)Z @ 34
Event: 29.756 Thread 0x0000000002472800 Uncommon trap: reason=predicate action=maybe_recompile pc=0x0000000002ac0f24 method=java.util.regex.Pattern$Slice.match(Ljava/util/regex/Matcher;ILjava/lang/CharSequence;)Z @ 21

Classes redefined (0 events):
No events

Internal exceptions (10 events):
Event: 13.981 Thread 0x0000000002472800 Exception <a 'java/net/SocketTimeoutException': Read timed out> (0x00000000d7ca7bd0) thrown at [C:\re\workspace\8-2-build-windows-amd64-cygwin\jdk8u171\10807\hotspot\src\share\vm\prims\jni.cpp, line 735]
Event: 24.055 Thread 0x0000000002472800 Exception <a 'sun/net/ConnectionResetException': > (0x00000000d7ca8438) thrown at [C:\re\workspace\8-2-build-windows-amd64-cygwin\jdk8u171\10807\hotspot\src\share\vm\prims\jni.cpp, line 735]
Event: 24.055 Thread 0x0000000002472800 Exception <a 'sun/net/ConnectionResetException': > (0x00000000d7ca8850) thrown at [C:\re\workspace\8-2-build-windows-amd64-cygwin\jdk8u171\10807\hotspot\src\share\vm\prims\jni.cpp, line 735]
Event: 26.068 Thread 0x0000000002472800 Exception <a 'java/net/ConnectException': Connection refused: connect> (0x00000000d7cbfe28) thrown at [C:\re\workspace\8-2-build-windows-amd64-cygwin\jdk8u171\10807\hotspot\src\share\vm\prims\jni.cpp, line 735]
Event: 28.082 Thread 0x0000000002472800 Exception <a 'java/net/ConnectException': Connection refused: connect> (0x00000000d7cc1ca8) thrown at [C:\re\workspace\8-2-build-windows-amd64-cygwin\jdk8u171\10807\hotspot\src\share\vm\prims\jni.cpp, line 735]
Event: 28.151 Thread 0x0000000002472800 Exception <a 'java/lang/reflect/InvocationTargetException'> (0x00000000d7cd2290) thrown at [C:\re\workspace\8-2-build-windows-amd64-cygwin\jdk8u171\10807\hotspot\src\share\vm\runtime\reflection.cpp, line 1092]
Event: 29.149 Thread 0x000000001913d800 Exception <a 'java/net/SocketTimeoutException': connect timed out> (0x00000000d5f00650) thrown at [C:\re\workspace\8-2-build-windows-amd64-cygwin\jdk8u171\10807\hotspot\src\share\vm\prims\jni.cpp, line 735]
Event: 29.662 Thread 0x000000001913d800 Exception <a 'java/net/SocketTimeoutException': connect timed out> (0x00000000d5f01b28) thrown at [C:\re\workspace\8-2-build-windows-amd64-cygwin\jdk8u171\10807\hotspot\src\share\vm\prims\jni.cpp, line 735]
Event: 29.860 Thread 0x0000000002472800 Exception <a 'java/lang/NoSuchMethodError': java.lang.Object.lambda$comparingInt$7b0bb60$1(Ljava/util/function/ToIntFunction;Ljava/lang/Object;Ljava/lang/Object;)I> (0x00000000d6045c68) thrown at [C:\re\workspace\8-2-build-windows-amd64-cygwin\jdk8u171\10
Event: 29.870 Thread 0x0000000002472800 Exception <a 'java/lang/reflect/InvocationTargetException'> (0x00000000d605d0b8) thrown at [C:\re\workspace\8-2-build-windows-amd64-cygwin\jdk8u171\10807\hotspot\src\share\vm\runtime\reflection.cpp, line 1092]

Events (10 events):
Event: 29.861 loading class java/util/stream/SortedOps$OfRef
Event: 29.862 loading class java/util/stream/SortedOps$OfRef done
Event: 29.862 loading class java/util/stream/SortedOps$RefSortingSink
Event: 29.862 loading class java/util/stream/SortedOps$AbstractRefSortingSink
Event: 29.862 loading class java/util/stream/SortedOps$AbstractRefSortingSink done
Event: 29.862 loading class java/util/stream/SortedOps$RefSortingSink done
Event: 29.864 loading class org/openqa/selenium/remote/ErrorCodes$KnownError
Event: 29.864 loading class org/openqa/selenium/remote/ErrorCodes$KnownError done
Event: 29.866 loading class org/openqa/selenium/remote/ErrorCodes$KnownError
Event: 29.866 loading class org/openqa/selenium/remote/ErrorCodes$KnownError done


Dynamic libraries:
0x00007ff798fd0000 - 0x00007ff799007000 	C:\Program Files\Java\jre1.8.0_171\bin\javaw.exe
0x00007ff8cfd60000 - 0x00007ff8cff50000 	C:\WINDOWS\SYSTEM32\ntdll.dll
0x00007ff8ceed0000 - 0x00007ff8cef82000 	C:\WINDOWS\System32\KERNEL32.DLL
0x00007ff8cdb60000 - 0x00007ff8cde03000 	C:\WINDOWS\System32\KERNELBASE.dll
0x00007ff8cf250000 - 0x00007ff8cf2f3000 	C:\WINDOWS\System32\ADVAPI32.dll
0x00007ff8cf1b0000 - 0x00007ff8cf24e000 	C:\WINDOWS\System32\msvcrt.dll
0x00007ff8cfc80000 - 0x00007ff8cfd17000 	C:\WINDOWS\System32\sechost.dll
0x00007ff8ceda0000 - 0x00007ff8ceec0000 	C:\WINDOWS\System32\RPCRT4.dll
0x00007ff8cfa80000 - 0x00007ff8cfc14000 	C:\WINDOWS\System32\USER32.dll
0x00007ff8ccf00000 - 0x00007ff8ccf21000 	C:\WINDOWS\System32\win32u.dll
0x00007ff8ce280000 - 0x00007ff8ce2a6000 	C:\WINDOWS\System32\GDI32.dll
0x00007ff8cccf0000 - 0x00007ff8cce84000 	C:\WINDOWS\System32\gdi32full.dll
0x00007ff8cda90000 - 0x00007ff8cdb2e000 	C:\WINDOWS\System32\msvcp_win.dll
0x00007ff8cd730000 - 0x00007ff8cd82a000 	C:\WINDOWS\System32\ucrtbase.dll
0x00007ff8c33a0000 - 0x00007ff8c3625000 	C:\WINDOWS\WinSxS\amd64_microsoft.windows.common-controls_6595b64144ccf1df_6.0.18362.418_none_e6c6b287130d565d\COMCTL32.dll
0x00007ff8ce2b0000 - 0x00007ff8ce5e6000 	C:\WINDOWS\System32\combase.dll
0x00007ff8ccf30000 - 0x00007ff8ccfb0000 	C:\WINDOWS\System32\bcryptPrimitives.dll
0x00007ff8cf840000 - 0x00007ff8cf86e000 	C:\WINDOWS\System32\IMM32.DLL
0x000000005c8e0000 - 0x000000005c9b2000 	C:\Program Files\Java\jre1.8.0_171\bin\msvcr100.dll
0x000000005a0f0000 - 0x000000005a990000 	C:\Program Files\Java\jre1.8.0_171\bin\server\jvm.dll
0x00007ff8cef90000 - 0x00007ff8cef98000 	C:\WINDOWS\System32\PSAPI.DLL
0x00007ff8be650000 - 0x00007ff8be659000 	C:\WINDOWS\SYSTEM32\WSOCK32.dll
0x00007ff8c4a70000 - 0x00007ff8c4a94000 	C:\WINDOWS\SYSTEM32\WINMM.dll
0x00007ff8cefa0000 - 0x00007ff8cf00f000 	C:\WINDOWS\System32\WS2_32.dll
0x00007ff8c4a40000 - 0x00007ff8c4a6d000 	C:\WINDOWS\SYSTEM32\winmmbase.dll
0x00007ff8cce90000 - 0x00007ff8cceda000 	C:\WINDOWS\System32\cfgmgr32.dll
0x00007ff8c5650000 - 0x00007ff8c565a000 	C:\WINDOWS\SYSTEM32\VERSION.dll
0x000000005c8d0000 - 0x000000005c8df000 	C:\Program Files\Java\jre1.8.0_171\bin\verify.dll
0x000000005c8a0000 - 0x000000005c8c9000 	C:\Program Files\Java\jre1.8.0_171\bin\java.dll
0x000000005b120000 - 0x000000005b136000 	C:\Program Files\Java\jre1.8.0_171\bin\zip.dll
0x00007ff8ce5f0000 - 0x00007ff8cecd5000 	C:\WINDOWS\System32\SHELL32.dll
0x00007ff8cf9d0000 - 0x00007ff8cfa79000 	C:\WINDOWS\System32\shcore.dll
0x00007ff8ccfb0000 - 0x00007ff8cd72f000 	C:\WINDOWS\System32\windows.storage.dll
0x00007ff8ccc60000 - 0x00007ff8ccc7f000 	C:\WINDOWS\System32\profapi.dll
0x00007ff8ccca0000 - 0x00007ff8cccea000 	C:\WINDOWS\System32\powrprof.dll
0x00007ff8ccc30000 - 0x00007ff8ccc40000 	C:\WINDOWS\System32\UMPDC.dll
0x00007ff8cf450000 - 0x00007ff8cf4a2000 	C:\WINDOWS\System32\shlwapi.dll
0x00007ff8ccc40000 - 0x00007ff8ccc51000 	C:\WINDOWS\System32\kernel.appcore.dll
0x00007ff8ccee0000 - 0x00007ff8ccef7000 	C:\WINDOWS\System32\cryptsp.dll
0x000000005b100000 - 0x000000005b11a000 	C:\Program Files\Java\jre1.8.0_171\bin\net.dll
0x00007ff8cc4a0000 - 0x00007ff8cc507000 	C:\WINDOWS\system32\mswsock.dll
0x00007ff8cc190000 - 0x00007ff8cc25a000 	C:\WINDOWS\SYSTEM32\DNSAPI.dll
0x00007ff8ceec0000 - 0x00007ff8ceec8000 	C:\WINDOWS\System32\NSI.dll
0x00007ff8cc150000 - 0x00007ff8cc18a000 	C:\WINDOWS\SYSTEM32\IPHLPAPI.DLL
0x00007ff8c6af0000 - 0x00007ff8c6afa000 	C:\Windows\System32\rasadhlp.dll
0x00007ff8c77b0000 - 0x00007ff8c7827000 	C:\WINDOWS\System32\fwpuclnt.dll
0x00007ff8cdb30000 - 0x00007ff8cdb56000 	C:\WINDOWS\System32\bcrypt.dll
0x00007ff8cbfb0000 - 0x00007ff8cbfe3000 	C:\WINDOWS\system32\rsaenh.dll
0x00007ff8ccb20000 - 0x00007ff8ccb45000 	C:\WINDOWS\SYSTEM32\USERENV.dll
0x00007ff8cc670000 - 0x00007ff8cc67c000 	C:\WINDOWS\SYSTEM32\CRYPTBASE.dll
0x00007ff8c7960000 - 0x00007ff8c7976000 	C:\WINDOWS\SYSTEM32\dhcpcsvc6.DLL
0x00007ff8c7940000 - 0x00007ff8c795c000 	C:\WINDOWS\SYSTEM32\dhcpcsvc.DLL
0x000000005b0e0000 - 0x000000005b0f1000 	C:\Program Files\Java\jre1.8.0_171\bin\nio.dll
0x000000005b0b0000 - 0x000000005b0d4000 	C:\Program Files\Java\jre1.8.0_171\bin\sunec.dll
0x000000005c890000 - 0x000000005c89b000 	C:\Program Files\Java\jre1.8.0_171\bin\sunmscapi.dll
0x00007ff8cd940000 - 0x00007ff8cda89000 	C:\WINDOWS\System32\CRYPT32.dll
0x00007ff8ccc80000 - 0x00007ff8ccc92000 	C:\WINDOWS\System32\MSASN1.dll
0x00007ff8c46d0000 - 0x00007ff8c46e6000 	C:\WINDOWS\system32\napinsp.dll
0x00007ff8c3ca0000 - 0x00007ff8c3cba000 	C:\WINDOWS\system32\pnrpnsp.dll
0x00007ff8c88c0000 - 0x00007ff8c88ce000 	C:\WINDOWS\System32\winrnr.dll
0x00007ff8c7a40000 - 0x00007ff8c7a5c000 	C:\WINDOWS\system32\NLAapi.dll
0x00007ff8c8a10000 - 0x00007ff8c8a25000 	C:\WINDOWS\system32\wshbth.dll

VM Arguments:
jvm_args: -ea -Dfile.encoding=Cp1252 
java_command: org.testng.remote.RemoteTestNG -serport 60188 -protocol json -d C:\Users\jagadeesh\Maveenjva\test-output C:\Users\jagadeesh\Maveenjva\testng1.xml
java_class_path (initial): C:\Users\jagadeesh\eclipse\java-2018-09\eclipse\configuration\org.eclipse.osgi\527\0\.cp\lib\testng-remote.jar;C:\Users\jagadeesh\Maveenjva\target\test-classes;C:\Users\jagadeesh\Maveenjva\target\classes;C:\Users\jagadeesh\.m2\repository\junit\junit\3.8.1\junit-3.8.1.jar;C:\Users\jagadeesh\.m2\repository\org\seleniumhq\selenium\selenium-java\3.141.59\selenium-java-3.141.59.jar;C:\Users\jagadeesh\.m2\repository\org\seleniumhq\selenium\selenium-api\3.141.59\selenium-api-3.141.59.jar;C:\Users\jagadeesh\.m2\repository\org\seleniumhq\selenium\selenium-chrome-driver\3.141.59\selenium-chrome-driver-3.141.59.jar;C:\Users\jagadeesh\.m2\repository\org\seleniumhq\selenium\selenium-edge-driver\3.141.59\selenium-edge-driver-3.141.59.jar;C:\Users\jagadeesh\.m2\repository\org\seleniumhq\selenium\selenium-firefox-driver\3.141.59\selenium-firefox-driver-3.141.59.jar;C:\Users\jagadeesh\.m2\repository\org\seleniumhq\selenium\selenium-ie-driver\3.141.59\selenium-ie-driver-3.141.59.jar;C:\Users\jagadeesh\.m2\repository\org\seleniumhq\selenium\selenium-opera-driver\3.141.59\selenium-opera-driver-3.141.59.jar;C:\Users\jagadeesh\.m2\repository\org\seleniumhq\selenium\selenium-remote-driver\3.141.59\selenium-remote-driver-3.141.59.jar;C:\Users\jagadeesh\.m2\repository\org\seleniumhq\selenium\selenium-safari-driver\3.141.59\selenium-safari-driver-3.141.59.jar;C:\Users\jagadeesh\.m2\repository\org\seleniumhq\selenium\selenium-support\3.141.59\selenium-support-3.141.59.jar;C:\Users\jagadeesh\.m2\repository\net\bytebuddy\byte-buddy\1.8.15\byte-buddy-1.8.15.jar;C:\Users\jagadeesh\.m2\repository\org\apache\commons\commons-exec\1.3\commons-exec-1.3.jar;C:\Users\jagadeesh\.m2\repository\com\google\guava\guava\25.0-jre\guava-25.0-jre.jar;C:\Users\jagadeesh\.m2\repository\com\google\code\findbugs\jsr305\1.3.9\jsr305-1.3.9.jar;C:\Users\jagadeesh\.m2\repository\org\checkerframework\checker-compat-qual\2.0.0\checker-compat-qual-2.0.0.jar;C:\Users\jagadeesh\.m2\repository\com
Launcher Type: SUN_STANDARD

Environment Variables:
JAVA_HOME=C:\Program Files\Java\jdk1.7.0_80
PATH=C:\Program Files (x86)\Common Files\Oracle\Java\javapath;E:\app\jagadeesh\product\11.2.0\dbhome_1\bin;C:\Program Files (x86)\PC Connectivity Solution\;C:\ProgramData\Oracle\Java\javapath;C:\PROGRAM FILES\DELL\DW WLAN CARD;C:\Windows\SYSTEM32;C:\Windows;C:\Windows\SYSTEM32\WBEM;C:\Windows\SYSTEM32\WINDOWSPOWERSHELL\V1.0\;C:\Program Files\WIDCOMM\Bluetooth Software\;C:\Program Files\WIDCOMM\Bluetooth Software\syswow64;C:\WINDOWS\system32;C:\WINDOWS;C:\WINDOWS\System32\Wbem;C:\WINDOWS\System32\WindowsPowerShell\v1.0\;C:\Program Files (x86)\NVIDIA Corporation\PhysX\Common;C:\WINDOWS\system32;C:\WINDOWS;C:\WINDOWS\System32\Wbem;C:\WINDOWS\System32\WindowsPowerShell\v1.0\;C:\WINDOWS\System32\OpenSSH\;C:\Program Files\SourceGear\Common\DiffMerge\;C:\apache-maven-3.6.2-bin\apache-maven-3.6.2\bin;C:\Program Files\MySQL\MySQL Shell 8.0\bin\
USERNAME=jagadeesh
OS=Windows_NT
PROCESSOR_IDENTIFIER=Intel64 Family 6 Model 69 Stepping 1, GenuineIntel



---------------  S Y S T E M  ---------------

OS: Windows 10.0 , 64 bit Build 18362 (10.0.18362.329)

CPU:total 4 (initial active 4) (2 cores per cpu, 2 threads per core) family 6 model 69 stepping 1, cmov, cx8, fxsr, mmx, sse, sse2, sse3, ssse3, sse4.1, sse4.2, popcnt, avx, avx2, aes, clmul, erms, lzcnt, ht, tsc, tscinvbit, bmi1, bmi2

Memory: 4k page, physical 8290128k(3707556k free), swap 21397324k(3912k free)

vm_info: Java HotSpot(TM) 64-Bit Server VM (25.171-b11) for windows-amd64 JRE (1.8.0_171-b11), built on Mar 28 2018 16:06:12 by "java_re" with MS VC++ 10.0 (VS2010)

time: Sat Nov 09 13:00:35 2019
elapsed time: 29 seconds (0d 0h 0m 29s)

