#
# There is insufficient memory for the Java Runtime Environment to continue.
# Native memory allocation (malloc) failed to allocate 192336 bytes for Chunk::new
# Possible reasons:
#   The system is out of physical RAM or swap space
#   In 32 bit mode, the process size limit was hit
# Possible solutions:
#   Reduce memory load on the system
#   Increase physical memory or swap space
#   Check if swap backing store is full
#   Use 64 bit Java on a 64 bit OS
#   Decrease Java heap size (-Xmx/-Xms)
#   Decrease number of Java threads
#   Decrease Java thread stack sizes (-Xss)
#   Set larger code cache with -XX:ReservedCodeCacheSize=
# This output file may be truncated or incomplete.
#
#  Out of Memory Error (allocation.cpp:390), pid=13712, tid=0x0000000000003ea8
#
# JRE version: Java(TM) SE Runtime Environment (8.0_171-b11) (build 1.8.0_171-b11)
# Java VM: Java HotSpot(TM) 64-Bit Server VM (25.171-b11 mixed mode windows-amd64 compressed oops)
# Failed to write core dump. Minidumps are not enabled by default on client versions of Windows
#

---------------  T H R E A D  ---------------

Current thread (0x0000000016f33800):  JavaThread "C2 CompilerThread0" daemon [_thread_in_native, id=16040, stack(0x0000000018580000,0x0000000018680000)]

Stack: [0x0000000018580000,0x0000000018680000]
[error occurred during error reporting (printing stack bounds), id 0xc0000005]

Native frames: (J=compiled Java code, j=interpreted, Vv=VM code, C=native code)


Current CompileTask:
C2:   7848 1303  s!   4       sun.misc.URLClassPath::getLoader (243 bytes)


---------------  P R O C E S S  ---------------

Java Threads: ( => current thread )
  0x0000000018c5e800 JavaThread "Keep-Alive-Timer" daemon [_thread_blocked, id=9792, stack(0x000000001a3c0000,0x000000001a4c0000)]
  0x0000000018c5d800 JavaThread "Exec Stream Pumper" daemon [_thread_in_native, id=10132, stack(0x000000001a2c0000,0x000000001a3c0000)]
  0x0000000018c60000 JavaThread "Exec Stream Pumper" daemon [_thread_in_native, id=9896, stack(0x000000001a1c0000,0x000000001a2c0000)]
  0x0000000018c61800 JavaThread "UrlChecker-2" daemon [_thread_blocked, id=17116, stack(0x000000001a0c0000,0x000000001a1c0000)]
  0x0000000019153000 JavaThread "Exec Default Executor" daemon [_thread_in_native, id=4536, stack(0x0000000019fc0000,0x000000001a0c0000)]
  0x0000000018c7e800 JavaThread "ReaderThread" [_thread_in_native, id=17488, stack(0x0000000019ac0000,0x0000000019bc0000)]
  0x00000000188a3800 JavaThread "Service Thread" daemon [_thread_blocked, id=15464, stack(0x0000000018c80000,0x0000000018d80000)]
  0x0000000016f47000 JavaThread "C1 CompilerThread2" daemon [_thread_blocked, id=7628, stack(0x0000000018780000,0x0000000018880000)]
  0x0000000016f3b800 JavaThread "C2 CompilerThread1" daemon [_thread_in_native, id=15004, stack(0x0000000018680000,0x0000000018780000)]
=>0x0000000016f33800 JavaThread "C2 CompilerThread0" daemon [_thread_in_native, id=16040, stack(0x0000000018580000,0x0000000018680000)]
  0x0000000016f30000 JavaThread "Attach Listener" daemon [_thread_blocked, id=13764, stack(0x0000000018480000,0x0000000018580000)]
  0x0000000016f2f000 JavaThread "Signal Dispatcher" daemon [_thread_blocked, id=8132, stack(0x0000000018380000,0x0000000018480000)]
  0x000000000238c800 JavaThread "Finalizer" daemon [_thread_blocked, id=17884, stack(0x0000000018180000,0x0000000018280000)]
  0x0000000002381800 JavaThread "Reference Handler" daemon [_thread_blocked, id=8924, stack(0x0000000018080000,0x0000000018180000)]
  0x0000000002292800 JavaThread "Forwarding newSession on session null to remote" [_thread_in_vm, id=13360, stack(0x00000000009b0000,0x0000000000ab0000)]

Other Threads:
  0x0000000016ef7800 VMThread [stack: 0x0000000017f80000,0x0000000018080000] [id=9156]
  0x00000000188cd000 WatcherThread [stack: 0x0000000018d80000,0x0000000018e80000] [id=5620]

VM state:not at safepoint (normal execution)

VM Mutex/Monitor currently owned by a thread: None

Heap:
 PSYoungGen      total 38400K, used 12202K [0x00000000d5d80000, 0x00000000d8800000, 0x0000000100000000)
  eden space 33280K, 21% used [0x00000000d5d80000,0x00000000d646b140,0x00000000d7e00000)
  from space 5120K, 99% used [0x00000000d7e00000,0x00000000d82ff740,0x00000000d8300000)
  to   space 5120K, 0% used [0x00000000d8300000,0x00000000d8300000,0x00000000d8800000)
 ParOldGen       total 87552K, used 1271K [0x0000000081800000, 0x0000000086d80000, 0x00000000d5d80000)
  object space 87552K, 1% used [0x0000000081800000,0x000000008193dde0,0x0000000086d80000)
 Metaspace       used 13376K, capacity 13670K, committed 13824K, reserved 1060864K
  class space    used 1616K, capacity 1717K, committed 1792K, reserved 1048576K

Card table byte_map: [0x00000000117a0000,0x0000000011ba0000] byte_map_base: 0x0000000011394000

Marking Bits: (ParMarkBitMap*) 0x000000005a9108c0
 Begin Bits: [0x0000000012250000, 0x00000000141f0000)
 End Bits:   [0x00000000141f0000, 0x0000000016190000)

Polling page: 0x00000000005d0000

CodeCache: size=245760Kb used=4573Kb max_used=4585Kb free=241186Kb
 bounds [0x00000000023e0000, 0x0000000002860000, 0x00000000113e0000]
 total_blobs=1688 nmethods=1303 adapters=297
 compilation: enabled

Compilation events (10 events):
Event: 7.809 Thread 0x0000000016f47000 1300       3       java.nio.Buffer::<init> (121 bytes)
Event: 7.811 Thread 0x0000000016f47000 nmethod 1300 0x0000000002856b90 code [0x0000000002856e60, 0x00000000028582e8]
Event: 7.817 Thread 0x0000000016f3b800 1301  s    4       sun.misc.URLClassPath::getNextLoader (88 bytes)
Event: 7.817 Thread 0x0000000016f33800 1302       4       java.util.zip.ZipCoder::getBytes (192 bytes)
Event: 7.830 Thread 0x0000000016f47000 1304       3       jdk.internal.org.objectweb.asm.ClassWriter::newClass (9 bytes)
Event: 7.831 Thread 0x0000000016f47000 nmethod 1304 0x0000000002858c50 code [0x0000000002858dc0, 0x0000000002858f68]
Event: 7.831 Thread 0x0000000016f47000 1305       3       java.lang.invoke.MemberName::initResolved (53 bytes)
Event: 7.832 Thread 0x0000000016f47000 nmethod 1305 0x0000000002859050 code [0x00000000028591a0, 0x0000000002859370]
Event: 7.832 Thread 0x0000000016f33800 nmethod 1302 0x000000000285c5d0 code [0x000000000285c780, 0x000000000285cd50]
Event: 7.833 Thread 0x0000000016f33800 1303  s!   4       sun.misc.URLClassPath::getLoader (243 bytes)

GC Heap History (2 events):
Event: 6.911 GC heap before
{Heap before GC invocations=1 (full 0):
 PSYoungGen      total 38400K, used 33280K [0x00000000d5d80000, 0x00000000d8800000, 0x0000000100000000)
  eden space 33280K, 100% used [0x00000000d5d80000,0x00000000d7e00000,0x00000000d7e00000)
  from space 5120K, 0% used [0x00000000d8300000,0x00000000d8300000,0x00000000d8800000)
  to   space 5120K, 0% used [0x00000000d7e00000,0x00000000d7e00000,0x00000000d8300000)
 ParOldGen       total 87552K, used 0K [0x0000000081800000, 0x0000000086d80000, 0x00000000d5d80000)
  object space 87552K, 0% used [0x0000000081800000,0x0000000081800000,0x0000000086d80000)
 Metaspace       used 12365K, capacity 12604K, committed 12928K, reserved 1060864K
  class space    used 1471K, capacity 1578K, committed 1664K, reserved 1048576K
Event: 6.928 GC heap after
Heap after GC invocations=1 (full 0):
 PSYoungGen      total 38400K, used 5117K [0x00000000d5d80000, 0x00000000d8800000, 0x0000000100000000)
  eden space 33280K, 0% used [0x00000000d5d80000,0x00000000d5d80000,0x00000000d7e00000)
  from space 5120K, 99% used [0x00000000d7e00000,0x00000000d82ff740,0x00000000d8300000)
  to   space 5120K, 0% used [0x00000000d8300000,0x00000000d8300000,0x00000000d8800000)
 ParOldGen       total 87552K, used 1271K [0x0000000081800000, 0x0000000086d80000, 0x00000000d5d80000)
  object space 87552K, 1% used [0x0000000081800000,0x000000008193dde0,0x0000000086d80000)
 Metaspace       used 12365K, capacity 12604K, committed 12928K, reserved 1060864K
  class space    used 1471K, capacity 1578K, committed 1664K, reserved 1048576K
}

Deoptimization events (10 events):
Event: 5.503 Thread 0x0000000002292800 Uncommon trap: reason=bimorphic action=maybe_recompile pc=0x0000000002673d04 method=java.util.HashMap.putVal(ILjava/lang/Object;Ljava/lang/Object;ZZ)Ljava/lang/Object; @ 203
Event: 5.504 Thread 0x0000000002292800 Uncommon trap: reason=bimorphic action=maybe_recompile pc=0x0000000002673d04 method=java.util.HashMap.putVal(ILjava/lang/Object;Ljava/lang/Object;ZZ)Ljava/lang/Object; @ 203
Event: 5.509 Thread 0x0000000002292800 Uncommon trap: reason=bimorphic action=maybe_recompile pc=0x0000000002673d04 method=java.util.HashMap.putVal(ILjava/lang/Object;Ljava/lang/Object;ZZ)Ljava/lang/Object; @ 203
Event: 5.798 Thread 0x0000000002292800 Uncommon trap: reason=unstable_if action=reinterpret pc=0x000000000279aab0 method=java.io.ByteArrayInputStream.read([BII)I @ 63
Event: 5.887 Thread 0x0000000002292800 Uncommon trap: reason=unstable_if action=reinterpret pc=0x00000000027753d0 method=java.io.ByteArrayInputStream.read()I @ 8
Event: 7.210 Thread 0x0000000002292800 Uncommon trap: reason=unstable_if action=reinterpret pc=0x000000000282ef00 method=java.util.regex.Matcher.reset()Ljava/util/regex/Matcher; @ 47
Event: 7.247 Thread 0x0000000002292800 Uncommon trap: reason=unstable_if action=reinterpret pc=0x000000000257df14 method=java.lang.String.replace(CC)Ljava/lang/String; @ 2
Event: 7.284 Thread 0x0000000018c61800 Uncommon trap: reason=bimorphic action=maybe_recompile pc=0x00000000026d2a3c method=java.util.concurrent.ConcurrentHashMap.get(Ljava/lang/Object;)Ljava/lang/Object; @ 149
Event: 7.292 Thread 0x0000000018c61800 Uncommon trap: reason=unstable_if action=reinterpret pc=0x000000000273b8dc method=java.lang.CharacterDataLatin1.digit(II)I @ 82
Event: 7.804 Thread 0x0000000018c61800 Uncommon trap: reason=unstable_if action=reinterpret pc=0x0000000002734554 method=java.lang.CharacterDataLatin1.digit(II)I @ 82

Classes redefined (0 events):
No events

Internal exceptions (10 events):
Event: 1.203 Thread 0x0000000002292800 Exception <a 'java/lang/ArrayIndexOutOfBoundsException'> (0x00000000d60e1a88) thrown at [C:\re\workspace\8-2-build-windows-amd64-cygwin\jdk8u171\10807\hotspot\src\share\vm\runtime\sharedRuntime.cpp, line 605]
Event: 1.253 Thread 0x0000000002292800 Exception <a 'java/security/PrivilegedActionException'> (0x00000000d6107c80) thrown at [C:\re\workspace\8-2-build-windows-amd64-cygwin\jdk8u171\10807\hotspot\src\share\vm\prims\jvm.cpp, line 1435]
Event: 1.253 Thread 0x0000000002292800 Exception <a 'java/security/PrivilegedActionException'> (0x00000000d6107e90) thrown at [C:\re\workspace\8-2-build-windows-amd64-cygwin\jdk8u171\10807\hotspot\src\share\vm\prims\jvm.cpp, line 1435]
Event: 1.256 Thread 0x0000000002292800 Exception <a 'java/security/PrivilegedActionException'> (0x00000000d610bb00) thrown at [C:\re\workspace\8-2-build-windows-amd64-cygwin\jdk8u171\10807\hotspot\src\share\vm\prims\jvm.cpp, line 1435]
Event: 1.256 Thread 0x0000000002292800 Exception <a 'java/security/PrivilegedActionException'> (0x00000000d610bd10) thrown at [C:\re\workspace\8-2-build-windows-amd64-cygwin\jdk8u171\10807\hotspot\src\share\vm\prims\jvm.cpp, line 1435]
Event: 4.557 Thread 0x0000000002292800 Exception <a 'java/lang/ArrayIndexOutOfBoundsException': 65> (0x00000000d6cd0988) thrown at [C:\re\workspace\8-2-build-windows-amd64-cygwin\jdk8u171\10807\hotspot\src\share\vm\interpreter\interpreterRuntime.cpp, line 366]
Event: 4.559 Thread 0x0000000002292800 Exception <a 'java/lang/ArrayIndexOutOfBoundsException': 60> (0x00000000d6cd63d0) thrown at [C:\re\workspace\8-2-build-windows-amd64-cygwin\jdk8u171\10807\hotspot\src\share\vm\interpreter\interpreterRuntime.cpp, line 366]
Event: 5.259 Thread 0x0000000002292800 Exception <a 'java/lang/NoSuchFieldError': method resolution failed> (0x00000000d75c3468) thrown at [C:\re\workspace\8-2-build-windows-amd64-cygwin\jdk8u171\10807\hotspot\src\share\vm\prims\methodHandles.cpp, line 1167]
Event: 5.263 Thread 0x0000000002292800 Exception <a 'java/lang/NoSuchFieldError': method resolution failed> (0x00000000d75d0b28) thrown at [C:\re\workspace\8-2-build-windows-amd64-cygwin\jdk8u171\10807\hotspot\src\share\vm\prims\methodHandles.cpp, line 1167]
Event: 7.793 Thread 0x0000000018c61800 Exception <a 'java/net/SocketTimeoutException': connect timed out> (0x00000000d63d2f38) thrown at [C:\re\workspace\8-2-build-windows-amd64-cygwin\jdk8u171\10807\hotspot\src\share\vm\prims\jni.cpp, line 735]

Events (10 events):
Event: 7.840 loading class com/google/common/io/FileBackedOutputStream$2
Event: 7.840 loading class com/google/common/io/FileBackedOutputStream$2 done
Event: 7.841 loading class com/google/common/hash/PrimitiveSink
Event: 7.841 loading class com/google/common/hash/PrimitiveSink done
Event: 7.842 loading class com/google/common/io/ByteSource$ConcatenatedByteSource
Event: 7.842 loading class com/google/common/io/ByteSource$ConcatenatedByteSource done
Event: 7.843 loading class com/google/common/io/ByteSource$ByteArrayByteSource
Event: 7.843 loading class com/google/common/io/ByteSource$ByteArrayByteSource done
Event: 7.845 loading class com/google/common/io/ByteSource$EmptyByteSource
Event: 7.845 loading class com/google/common/io/ByteSource$EmptyByteSource done


Dynamic libraries:
0x00007ff798fd0000 - 0x00007ff799007000 	C:\Program Files\Java\jre1.8.0_171\bin\javaw.exe
0x00007ff8cfd60000 - 0x00007ff8cff50000 	C:\WINDOWS\SYSTEM32\ntdll.dll
0x00007ff8ceed0000 - 0x00007ff8cef82000 	C:\WINDOWS\System32\KERNEL32.DLL
0x00007ff8cdb60000 - 0x00007ff8cde03000 	C:\WINDOWS\System32\KERNELBASE.dll
0x00007ff8cf250000 - 0x00007ff8cf2f3000 	C:\WINDOWS\System32\ADVAPI32.dll
0x00007ff8cf1b0000 - 0x00007ff8cf24e000 	C:\WINDOWS\System32\msvcrt.dll
0x00007ff8cfc80000 - 0x00007ff8cfd17000 	C:\WINDOWS\System32\sechost.dll
0x00007ff8ceda0000 - 0x00007ff8ceec0000 	C:\WINDOWS\System32\RPCRT4.dll
0x00007ff8cfa80000 - 0x00007ff8cfc14000 	C:\WINDOWS\System32\USER32.dll
0x00007ff8ccf00000 - 0x00007ff8ccf21000 	C:\WINDOWS\System32\win32u.dll
0x00007ff8ce280000 - 0x00007ff8ce2a6000 	C:\WINDOWS\System32\GDI32.dll
0x00007ff8cccf0000 - 0x00007ff8cce84000 	C:\WINDOWS\System32\gdi32full.dll
0x00007ff8cda90000 - 0x00007ff8cdb2e000 	C:\WINDOWS\System32\msvcp_win.dll
0x00007ff8cd730000 - 0x00007ff8cd82a000 	C:\WINDOWS\System32\ucrtbase.dll
0x00007ff8c33a0000 - 0x00007ff8c3625000 	C:\WINDOWS\WinSxS\amd64_microsoft.windows.common-controls_6595b64144ccf1df_6.0.18362.418_none_e6c6b287130d565d\COMCTL32.dll
0x00007ff8ce2b0000 - 0x00007ff8ce5e6000 	C:\WINDOWS\System32\combase.dll
0x00007ff8ccf30000 - 0x00007ff8ccfb0000 	C:\WINDOWS\System32\bcryptPrimitives.dll
0x00007ff8cf840000 - 0x00007ff8cf86e000 	C:\WINDOWS\System32\IMM32.DLL
0x000000005c8e0000 - 0x000000005c9b2000 	C:\Program Files\Java\jre1.8.0_171\bin\msvcr100.dll
0x000000005a0f0000 - 0x000000005a990000 	C:\Program Files\Java\jre1.8.0_171\bin\server\jvm.dll
0x00007ff8cef90000 - 0x00007ff8cef98000 	C:\WINDOWS\System32\PSAPI.DLL
0x00007ff8be650000 - 0x00007ff8be659000 	C:\WINDOWS\SYSTEM32\WSOCK32.dll
0x00007ff8cefa0000 - 0x00007ff8cf00f000 	C:\WINDOWS\System32\WS2_32.dll
0x00007ff8c4a70000 - 0x00007ff8c4a94000 	C:\WINDOWS\SYSTEM32\WINMM.dll
0x00007ff8c5650000 - 0x00007ff8c565a000 	C:\WINDOWS\SYSTEM32\VERSION.dll
0x00007ff8c4a40000 - 0x00007ff8c4a6d000 	C:\WINDOWS\SYSTEM32\WINMMBASE.dll
0x00007ff8cce90000 - 0x00007ff8cceda000 	C:\WINDOWS\System32\cfgmgr32.dll
0x000000005c8d0000 - 0x000000005c8df000 	C:\Program Files\Java\jre1.8.0_171\bin\verify.dll
0x000000005c8a0000 - 0x000000005c8c9000 	C:\Program Files\Java\jre1.8.0_171\bin\java.dll
0x000000005b120000 - 0x000000005b136000 	C:\Program Files\Java\jre1.8.0_171\bin\zip.dll
0x00007ff8ce5f0000 - 0x00007ff8cecd5000 	C:\WINDOWS\System32\SHELL32.dll
0x00007ff8cf9d0000 - 0x00007ff8cfa79000 	C:\WINDOWS\System32\shcore.dll
0x00007ff8ccfb0000 - 0x00007ff8cd72f000 	C:\WINDOWS\System32\windows.storage.dll
0x00007ff8ccc60000 - 0x00007ff8ccc7f000 	C:\WINDOWS\System32\profapi.dll
0x00007ff8ccca0000 - 0x00007ff8cccea000 	C:\WINDOWS\System32\powrprof.dll
0x00007ff8ccc30000 - 0x00007ff8ccc40000 	C:\WINDOWS\System32\UMPDC.dll
0x00007ff8cf450000 - 0x00007ff8cf4a2000 	C:\WINDOWS\System32\shlwapi.dll
0x00007ff8ccc40000 - 0x00007ff8ccc51000 	C:\WINDOWS\System32\kernel.appcore.dll
0x00007ff8ccee0000 - 0x00007ff8ccef7000 	C:\WINDOWS\System32\cryptsp.dll
0x000000005b100000 - 0x000000005b11a000 	C:\Program Files\Java\jre1.8.0_171\bin\net.dll
0x00007ff8cc4a0000 - 0x00007ff8cc507000 	C:\WINDOWS\system32\mswsock.dll
0x00007ff8cc190000 - 0x00007ff8cc25a000 	C:\WINDOWS\SYSTEM32\DNSAPI.dll
0x00007ff8ceec0000 - 0x00007ff8ceec8000 	C:\WINDOWS\System32\NSI.dll
0x00007ff8cc150000 - 0x00007ff8cc18a000 	C:\WINDOWS\SYSTEM32\IPHLPAPI.DLL
0x00007ff8c6af0000 - 0x00007ff8c6afa000 	C:\Windows\System32\rasadhlp.dll
0x00007ff8c77b0000 - 0x00007ff8c7827000 	C:\WINDOWS\System32\fwpuclnt.dll
0x00007ff8cdb30000 - 0x00007ff8cdb56000 	C:\WINDOWS\System32\bcrypt.dll
0x00007ff8cbfb0000 - 0x00007ff8cbfe3000 	C:\WINDOWS\system32\rsaenh.dll
0x00007ff8ccb20000 - 0x00007ff8ccb45000 	C:\WINDOWS\SYSTEM32\USERENV.dll
0x00007ff8cc670000 - 0x00007ff8cc67c000 	C:\WINDOWS\SYSTEM32\CRYPTBASE.dll
0x00007ff8c7960000 - 0x00007ff8c7976000 	C:\WINDOWS\SYSTEM32\dhcpcsvc6.DLL
0x00007ff8c7940000 - 0x00007ff8c795c000 	C:\WINDOWS\SYSTEM32\dhcpcsvc.DLL
0x000000005b0e0000 - 0x000000005b0f1000 	C:\Program Files\Java\jre1.8.0_171\bin\nio.dll
0x000000005b0b0000 - 0x000000005b0d4000 	C:\Program Files\Java\jre1.8.0_171\bin\sunec.dll
0x000000005c890000 - 0x000000005c89b000 	C:\Program Files\Java\jre1.8.0_171\bin\sunmscapi.dll
0x00007ff8cd940000 - 0x00007ff8cda89000 	C:\WINDOWS\System32\CRYPT32.dll
0x00007ff8ccc80000 - 0x00007ff8ccc92000 	C:\WINDOWS\System32\MSASN1.dll

VM Arguments:
jvm_args: -ea -Dfile.encoding=Cp1252 
java_command: org.testng.remote.RemoteTestNG -serport 60256 -protocol json -d C:\Users\jagadeesh\Maveenjva\test-output C:\Users\jagadeesh\Maveenjva\testng1.xml
java_class_path (initial): C:\Users\jagadeesh\eclipse\java-2018-09\eclipse\configuration\org.eclipse.osgi\527\0\.cp\lib\testng-remote.jar;C:\Users\jagadeesh\Maveenjva\target\test-classes;C:\Users\jagadeesh\Maveenjva\target\classes;C:\Users\jagadeesh\.m2\repository\junit\junit\3.8.1\junit-3.8.1.jar;C:\Users\jagadeesh\.m2\repository\org\seleniumhq\selenium\selenium-java\3.141.59\selenium-java-3.141.59.jar;C:\Users\jagadeesh\.m2\repository\org\seleniumhq\selenium\selenium-api\3.141.59\selenium-api-3.141.59.jar;C:\Users\jagadeesh\.m2\repository\org\seleniumhq\selenium\selenium-chrome-driver\3.141.59\selenium-chrome-driver-3.141.59.jar;C:\Users\jagadeesh\.m2\repository\org\seleniumhq\selenium\selenium-edge-driver\3.141.59\selenium-edge-driver-3.141.59.jar;C:\Users\jagadeesh\.m2\repository\org\seleniumhq\selenium\selenium-firefox-driver\3.141.59\selenium-firefox-driver-3.141.59.jar;C:\Users\jagadeesh\.m2\repository\org\seleniumhq\selenium\selenium-ie-driver\3.141.59\selenium-ie-driver-3.141.59.jar;C:\Users\jagadeesh\.m2\repository\org\seleniumhq\selenium\selenium-opera-driver\3.141.59\selenium-opera-driver-3.141.59.jar;C:\Users\jagadeesh\.m2\repository\org\seleniumhq\selenium\selenium-remote-driver\3.141.59\selenium-remote-driver-3.141.59.jar;C:\Users\jagadeesh\.m2\repository\org\seleniumhq\selenium\selenium-safari-driver\3.141.59\selenium-safari-driver-3.141.59.jar;C:\Users\jagadeesh\.m2\repository\org\seleniumhq\selenium\selenium-support\3.141.59\selenium-support-3.141.59.jar;C:\Users\jagadeesh\.m2\repository\net\bytebuddy\byte-buddy\1.8.15\byte-buddy-1.8.15.jar;C:\Users\jagadeesh\.m2\repository\org\apache\commons\commons-exec\1.3\commons-exec-1.3.jar;C:\Users\jagadeesh\.m2\repository\com\google\guava\guava\25.0-jre\guava-25.0-jre.jar;C:\Users\jagadeesh\.m2\repository\com\google\code\findbugs\jsr305\1.3.9\jsr305-1.3.9.jar;C:\Users\jagadeesh\.m2\repository\org\checkerframework\checker-compat-qual\2.0.0\checker-compat-qual-2.0.0.jar;C:\Users\jagadeesh\.m2\repository\com
Launcher Type: SUN_STANDARD

Environment Variables:
JAVA_HOME=C:\Program Files\Java\jdk1.7.0_80
PATH=C:\Program Files (x86)\Common Files\Oracle\Java\javapath;E:\app\jagadeesh\product\11.2.0\dbhome_1\bin;C:\Program Files (x86)\PC Connectivity Solution\;C:\ProgramData\Oracle\Java\javapath;C:\PROGRAM FILES\DELL\DW WLAN CARD;C:\Windows\SYSTEM32;C:\Windows;C:\Windows\SYSTEM32\WBEM;C:\Windows\SYSTEM32\WINDOWSPOWERSHELL\V1.0\;C:\Program Files\WIDCOMM\Bluetooth Software\;C:\Program Files\WIDCOMM\Bluetooth Software\syswow64;C:\WINDOWS\system32;C:\WINDOWS;C:\WINDOWS\System32\Wbem;C:\WINDOWS\System32\WindowsPowerShell\v1.0\;C:\Program Files (x86)\NVIDIA Corporation\PhysX\Common;C:\WINDOWS\system32;C:\WINDOWS;C:\WINDOWS\System32\Wbem;C:\WINDOWS\System32\WindowsPowerShell\v1.0\;C:\WINDOWS\System32\OpenSSH\;C:\Program Files\SourceGear\Common\DiffMerge\;C:\apache-maven-3.6.2-bin\apache-maven-3.6.2\bin;C:\Program Files\MySQL\MySQL Shell 8.0\bin\
USERNAME=jagadeesh
OS=Windows_NT
PROCESSOR_IDENTIFIER=Intel64 Family 6 Model 69 Stepping 1, GenuineIntel



---------------  S Y S T E M  ---------------

OS: Windows 10.0 , 64 bit Build 18362 (10.0.18362.329)

CPU:total 4 (initial active 4) (2 cores per cpu, 2 threads per core) family 6 model 69 stepping 1, cmov, cx8, fxsr, mmx, sse, sse2, sse3, ssse3, sse4.1, sse4.2, popcnt, avx, avx2, aes, clmul, erms, lzcnt, ht, tsc, tscinvbit, bmi1, bmi2

Memory: 4k page, physical 8290128k(3717928k free), swap 21397324k(5188k free)

vm_info: Java HotSpot(TM) 64-Bit Server VM (25.171-b11) for windows-amd64 JRE (1.8.0_171-b11), built on Mar 28 2018 16:06:12 by "java_re" with MS VC++ 10.0 (VS2010)

time: Sat Nov 09 13:01:52 2019
elapsed time: 7 seconds (0d 0h 0m 7s)

