JvmtiExport can_access_local_variables 0
JvmtiExport can_hotswap_or_post_breakpoint 0
JvmtiExport can_post_on_exceptions 0
# 116 ciObject found
ciMethod java/lang/CharSequence charAt (I)C 0 0 1 0 -1
ciMethod java/lang/String charAt (I)C 4097 1 229353 0 128
ciMethodData java/lang/String charAt (I)C 2 229353 orig 264 152 98 109 90 0 0 0 0 240 59 114 22 0 0 0 0 120 1 0 0 32 0 0 0 0 0 0 0 0 0 0 0 0 0 0 0 0 0 0 0 0 0 0 0 0 0 0 0 0 0 0 0 0 0 0 0 0 0 0 0 0 0 0 0 0 0 0 0 0 0 0 0 0 0 0 0 0 0 0 0 77 68 79 32 101 120 116 114 97 32 100 97 116 97 32 108 111 99 107 0 0 0 0 0 0 0 0 0 0 0 0 0 0 0 0 0 0 0 0 0 0 0 0 0 0 0 0 0 0 0 0 0 0 0 0 0 0 0 0 0 0 0 0 0 0 0 0 0 0 0 0 0 0 0 0 0 0 0 0 0 0 0 0 0 0 0 0 0 0 0 0 0 0 0 0 0 0 0 0 0 0 0 0 0 25 0 0 0 0 0 0 0 0 0 0 0 0 0 0 0 1 0 0 0 0 0 0 0 0 0 0 0 0 0 0 0 0 2 0 0 73 239 27 0 1 0 0 0 0 0 0 0 0 0 0 0 2 0 0 0 0 0 0 0 0 0 0 0 80 0 0 0 255 255 255 255 7 0 1 0 0 0 0 0 data 10 0x10007 0x0 0x40 0x37de9 0xa0007 0x37de9 0x30 0x0 0x120002 0x0 oops 0
ciMethod java/util/regex/Pattern$Node match (Ljava/util/regex/Matcher;ILjava/lang/CharSequence;)Z 2121 1 517 0 -1
ciMethod java/util/regex/Pattern$LastNode match (Ljava/util/regex/Matcher;ILjava/lang/CharSequence;)Z 3689 1 594 0 0
ciMethod java/util/regex/Pattern$Slice match (Ljava/util/regex/Matcher;ILjava/lang/CharSequence;)Z 2153 25 21875 0 -1
ciMethod java/util/regex/Matcher getTextLength ()I 1313 1 1534 0 -1
ciMethodData java/util/regex/Pattern$Slice match (Ljava/util/regex/Matcher;ILjava/lang/CharSequence;)Z 2 22150 orig 264 152 98 109 90 0 0 0 0 208 132 150 22 0 0 0 0 56 2 0 0 0 0 0 0 0 0 0 0 0 0 0 0 0 0 0 0 0 0 0 0 0 0 0 0 0 0 0 0 0 0 0 0 0 0 0 0 0 0 0 0 0 0 0 0 0 0 0 0 0 0 0 0 0 0 0 0 0 0 0 0 77 68 79 32 101 120 116 114 97 32 100 97 116 97 32 108 111 99 107 0 0 0 0 0 0 0 0 0 0 0 0 0 0 0 0 0 0 0 0 0 0 0 0 0 0 0 0 0 0 0 0 0 0 0 0 0 0 0 0 0 0 0 0 0 1 0 0 0 0 0 0 0 0 0 0 0 0 0 0 0 0 0 0 0 0 0 0 0 0 0 0 0 0 0 0 1 0 0 0 0 0 0 0 0 0 0 0 0 0 0 0 0 0 0 0 0 0 0 0 0 0 0 0 0 0 0 0 0 0 0 0 0 0 0 0 0 13 1 0 0 9 171 2 0 121 1 0 0 0 0 0 0 0 0 0 0 2 0 0 0 1 0 10 0 2 0 0 0 216 0 0 0 255 255 255 255 7 0 18 0 0 0 0 0 data 27 0x120007 0x7 0xa8 0x5589 0x1d0007 0x558a 0x20 0x0 0x310005 0x0 0x247b690 0x558a 0x0 0x0 0x360007 0x2f 0x20 0x555b 0x3e0003 0x2f 0xffffffffffffff70 0x4b0005 0x0 0x192dec90 0x3 0x192ded40 0x4 oops 3 10 java/lang/String 23 java/util/regex/Pattern$LastNode 25 java/util/regex/Pattern$Dollar
ciMethod java/util/regex/Pattern$Dollar match (Ljava/util/regex/Matcher;ILjava/lang/CharSequence;)Z 145 1 18 0 0
instanceKlass java/util/stream/Collectors$$Lambda$218
instanceKlass java/util/stream/Collectors$$Lambda$217
instanceKlass java/util/stream/Collectors$$Lambda$216
instanceKlass org/openqa/selenium/remote/ErrorCodes$$Lambda$215
instanceKlass org/openqa/selenium/remote/ErrorCodes$$Lambda$214
instanceKlass org/openqa/selenium/remote/ErrorCodes$$Lambda$213
instanceKlass java/util/stream/SortedOps$RefSortingSink$$Lambda$212
instanceKlass java/util/stream/SortedOps
instanceKlass java/util/Comparator$$Lambda$211
instanceKlass java/lang/invoke/LambdaForm$DMH
instanceKlass org/openqa/selenium/remote/ErrorCodes$$Lambda$210
instanceKlass java/util/function/ToIntFunction
instanceKlass org/openqa/selenium/remote/ErrorCodes$$Lambda$209
instanceKlass org/openqa/selenium/remote/ErrorCodes$$Lambda$208
instanceKlass org/testng/internal/reflect/ReflectionRecipes$1
instanceKlass org/testng/annotations/NoInjection
instanceKlass java/util/RegularEnumSet$EnumSetIterator
instanceKlass org/testng/internal/Parameters$2
instanceKlass org/testng/internal/Parameters$1
instanceKlass org/testng/internal/DataProviderMethod
instanceKlass org/testng/IAnnotationTransformer2
instanceKlass org/testng/internal/collections/Ints
instanceKlass org/testng/internal/DynamicGraph$1
instanceKlass java/util/concurrent/ConcurrentLinkedQueue$Itr
instanceKlass org/testng/internal/Invoker$StatusHolder
instanceKlass sun/misc/JavaxCryptoSealedObjectAccess
instanceKlass sun/misc/JavaObjectInputStreamAccess
instanceKlass sun/misc/JavaNetHttpCookieAccess
instanceKlass sun/misc/JavaAWTAccess
instanceKlass sun/misc/JavaOISAccess
instanceKlass sun/misc/JavaIOAccess
instanceKlass com/google/common/base/Throwables
instanceKlass okhttp3/internal/http/UnrepeatableRequestBody
instanceKlass org/openqa/selenium/By
instanceKlass Pageobjects/Subscribe
instanceKlass org/openqa/selenium/remote/RemoteWebDriver$RemoteWebDriverOptions$RemoteTimeouts
instanceKlass org/openqa/selenium/WebDriver$ImeHandler
instanceKlass org/openqa/selenium/WebDriver$Window
instanceKlass org/openqa/selenium/WebDriver$Timeouts
instanceKlass org/openqa/selenium/remote/RemoteWebDriver$RemoteWebDriverOptions
instanceKlass org/openqa/selenium/json/JsonInput$$Lambda$207
instanceKlass java/util/Collections$UnmodifiableList$1
instanceKlass org/openqa/selenium/remote/mobile/RemoteNetworkConnection
instanceKlass org/openqa/selenium/remote/RemoteTouchScreen
instanceKlass org/openqa/selenium/html5/LocalStorage
instanceKlass org/openqa/selenium/html5/SessionStorage
instanceKlass org/openqa/selenium/remote/html5/RemoteWebStorage
instanceKlass org/openqa/selenium/remote/html5/RemoteLocationContext
instanceKlass org/openqa/selenium/remote/RemoteWebElement
instanceKlass org/openqa/selenium/interactions/Locatable
instanceKlass org/openqa/selenium/internal/HasIdentity
instanceKlass org/openqa/selenium/WrapsDriver
instanceKlass org/openqa/selenium/remote/http/AbstractHttpResponseCodec
instanceKlass org/openqa/selenium/interactions/KeyInput
instanceKlass org/openqa/selenium/interactions/Interaction
instanceKlass org/openqa/selenium/interactions/PointerInput
instanceKlass org/openqa/selenium/interactions/Encodable
instanceKlass com/google/common/base/AbstractIterator$1
instanceKlass com/google/common/base/Splitter$5
instanceKlass org/openqa/selenium/remote/http/AbstractHttpCommandCodec$CommandSpec
instanceKlass com/google/common/base/AbstractIterator
instanceKlass com/google/common/base/Splitter$1
instanceKlass com/google/common/base/Splitter$Strategy
instanceKlass com/google/common/base/Splitter
instanceKlass org/openqa/selenium/WebElement
instanceKlass org/openqa/selenium/interactions/InputSource
instanceKlass org/openqa/selenium/remote/http/AbstractHttpCommandCodec
instanceKlass java/util/concurrent/atomic/AtomicMarkableReference$Pair
instanceKlass java/util/concurrent/atomic/AtomicMarkableReference
instanceKlass java/text/DateFormatSymbols
instanceKlass sun/util/locale/LanguageTag
instanceKlass sun/util/resources/LocaleData$1
instanceKlass sun/util/resources/LocaleData
instanceKlass sun/util/locale/provider/LocaleResources
instanceKlass sun/util/locale/provider/CalendarDataUtility$CalendarWeekParameterGetter
instanceKlass sun/util/locale/provider/LocaleServiceProviderPool$LocalizedObjectGetter
instanceKlass sun/util/locale/provider/SPILocaleProviderAdapter$1
instanceKlass sun/util/locale/provider/LocaleServiceProviderPool
instanceKlass sun/util/locale/provider/CalendarDataUtility
instanceKlass java/util/Calendar$Builder
instanceKlass sun/util/locale/provider/JRELocaleProviderAdapter$1
instanceKlass sun/util/locale/provider/LocaleDataMetaInfo
instanceKlass sun/util/locale/provider/AvailableLanguageTags
instanceKlass sun/util/locale/provider/LocaleProviderAdapter$1
instanceKlass sun/util/locale/provider/ResourceBundleBasedAdapter
instanceKlass sun/util/locale/provider/LocaleProviderAdapter
instanceKlass java/util/spi/LocaleServiceProvider
instanceKlass java/util/TimeZone$1
instanceKlass java/util/zip/CRC32
instanceKlass java/util/zip/Checksum
instanceKlass java/util/Formatter$DateTime
instanceKlass sun/util/logging/LoggingSupport$2
instanceKlass java/util/logging/Formatter
instanceKlass java/util/logging/LogRecord
instanceKlass org/openqa/selenium/remote/ProtocolHandshake$Result$$Lambda$206
instanceKlass org/openqa/selenium/Proxy
instanceKlass org/openqa/selenium/remote/W3CHandshakeResponse$$Lambda$205
instanceKlass org/openqa/selenium/remote/W3CHandshakeResponse$$Lambda$204
instanceKlass org/openqa/selenium/remote/JsonWireProtocolResponse$$Lambda$203
instanceKlass org/openqa/selenium/remote/JsonWireProtocolResponse$$Lambda$202
instanceKlass org/openqa/selenium/remote/ProtocolHandshake$$Lambda$201
instanceKlass org/openqa/selenium/remote/ProtocolHandshake$$Lambda$200
instanceKlass org/openqa/selenium/remote/W3CHandshakeResponse
instanceKlass org/openqa/selenium/remote/HandshakeResponse$$Lambda$199
instanceKlass org/openqa/selenium/remote/ProtocolHandshake$Result
instanceKlass org/openqa/selenium/remote/JsonWireProtocolResponse
instanceKlass org/openqa/selenium/remote/HandshakeResponse
instanceKlass org/openqa/selenium/remote/InitialHandshakeResponse
instanceKlass java/math/MathContext
instanceKlass org/openqa/selenium/json/NumberCoercer$1
instanceKlass org/openqa/selenium/json/NumberCoercer$$Lambda$198
instanceKlass org/openqa/selenium/json/JsonInput$$Lambda$197
instanceKlass org/openqa/selenium/json/BooleanCoercer$$Lambda$196
instanceKlass com/google/common/base/MoreObjects
instanceKlass com/google/common/net/MediaType$Tokenizer
instanceKlass org/openqa/selenium/remote/internal/OkHttpClient$$Lambda$195
instanceKlass org/openqa/selenium/remote/internal/OkHttpClient$$Lambda$194
instanceKlass okhttp3/internal/http1/Http1Codec$AbstractSource
instanceKlass okhttp3/internal/http/HttpHeaders
instanceKlass okhttp3/Response$Builder
instanceKlass okhttp3/internal/http/StatusLine
instanceKlass okhttp3/internal/http1/Http1Codec$FixedLengthSink
instanceKlass okio/ForwardingSink
instanceKlass okio/Segment
instanceKlass okio/SegmentPool
instanceKlass okhttp3/internal/http/RequestLine
instanceKlass okhttp3/internal/http1/Http1Codec
instanceKlass okio/RealBufferedSink
instanceKlass okio/AsyncTimeout$1
instanceKlass okio/Okio$1
instanceKlass okio/RealBufferedSource
instanceKlass okio/AsyncTimeout$2
instanceKlass okio/Okio$2
instanceKlass okio/Timeout
instanceKlass okio/Okio
instanceKlass okhttp3/internal/connection/ConnectionSpecSelector
instanceKlass okhttp3/internal/http/HttpCodec
instanceKlass okhttp3/internal/ws/RealWebSocket$Streams
instanceKlass okhttp3/internal/http2/Http2Connection$Listener
instanceKlass okhttp3/internal/connection/RouteSelector$Selection
instanceKlass okhttp3/Route
instanceKlass java/util/ArrayDeque$DeqIterator
instanceKlass okhttp3/CacheControl$Builder
instanceKlass okhttp3/CacheControl
instanceKlass okhttp3/internal/cache/CacheStrategy
instanceKlass okhttp3/internal/cache/CacheStrategy$Factory
instanceKlass okhttp3/internal/connection/RouteSelector
instanceKlass okhttp3/Address
instanceKlass okhttp3/internal/connection/StreamAllocation
instanceKlass okhttp3/Connection
instanceKlass okhttp3/internal/http/RealInterceptorChain
instanceKlass okhttp3/internal/http/CallServerInterceptor
instanceKlass okhttp3/internal/connection/ConnectInterceptor
instanceKlass okhttp3/internal/cache/CacheInterceptor
instanceKlass okhttp3/internal/http/BridgeInterceptor
instanceKlass okhttp3/internal/http/RetryAndFollowUpInterceptor
instanceKlass okhttp3/RealCall
instanceKlass okhttp3/Headers
instanceKlass okhttp3/Request
instanceKlass okhttp3/internal/http/HttpMethod
instanceKlass com/google/common/io/ByteArrayDataOutput
instanceKlass com/google/common/io/ByteArrayDataInput
instanceKlass com/google/common/io/ByteStreams
instanceKlass okhttp3/MediaType
instanceKlass org/openqa/selenium/remote/internal/OkHttpClient$1
instanceKlass org/openqa/selenium/BuildInfo
instanceKlass com/google/common/collect/CollectSpliterators$1$$Lambda$193
instanceKlass com/google/common/collect/CollectSpliterators$1
instanceKlass com/google/common/collect/AbstractMapBasedMultimap$$Lambda$192
instanceKlass com/google/common/collect/CollectSpliterators$1FlatMapSpliterator$$Lambda$191
instanceKlass java/lang/invoke/LambdaForm$DMH
instanceKlass java/util/stream/Collectors$$Lambda$190
instanceKlass java/util/stream/Collectors$$Lambda$189
instanceKlass java/util/stream/Collectors$$Lambda$188
instanceKlass org/openqa/selenium/remote/http/HttpMessage$$Lambda$187
instanceKlass org/openqa/selenium/remote/http/HttpMessage$$Lambda$186
instanceKlass org/openqa/selenium/remote/http/HttpMessage$$Lambda$185
instanceKlass com/google/common/collect/CollectSpliterators$1FlatMapSpliterator
instanceKlass com/google/common/collect/CollectSpliterators
instanceKlass com/google/common/collect/AbstractMapBasedMultimap$$Lambda$184
instanceKlass com/google/common/collect/AbstractMapBasedMultimap$KeySet$1
instanceKlass sun/text/normalizer/UnicodeSet
instanceKlass sun/text/normalizer/UnicodeMatcher
instanceKlass sun/text/normalizer/NormalizerImpl$AuxTrieImpl
instanceKlass sun/text/normalizer/NormalizerImpl$NormTrieImpl
instanceKlass sun/text/normalizer/NormalizerImpl$FCDTrieImpl
instanceKlass sun/text/normalizer/NormalizerDataReader
instanceKlass sun/text/normalizer/ICUData
instanceKlass sun/text/normalizer/NormalizerImpl
instanceKlass sun/text/normalizer/VersionInfo
instanceKlass sun/text/normalizer/CharTrie$FriendAgent
instanceKlass sun/text/normalizer/Trie
instanceKlass sun/net/idn/StringPrep$StringPrepTrieImpl
instanceKlass sun/text/normalizer/Trie$DataManipulate
instanceKlass sun/text/normalizer/ICUBinary
instanceKlass sun/net/idn/StringPrepDataReader
instanceKlass sun/text/normalizer/ICUBinary$Authenticate
instanceKlass sun/net/idn/StringPrep
instanceKlass java/net/IDN
instanceKlass okhttp3/HttpUrl$Builder
instanceKlass okhttp3/HttpUrl
instanceKlass okhttp3/Headers$Builder
instanceKlass okhttp3/Request$Builder
instanceKlass com/google/common/collect/SortedSetMultimap
instanceKlass com/google/common/collect/Multimaps
instanceKlass com/google/common/net/MediaType$2
instanceKlass com/google/common/base/Joiner$MapJoiner
instanceKlass com/google/common/base/Joiner
instanceKlass com/google/common/primitives/Ints
instanceKlass com/google/common/collect/AbstractMapBasedMultiset$2
instanceKlass com/google/common/collect/Multisets$AbstractEntry
instanceKlass com/google/common/collect/Count
instanceKlass com/google/common/collect/Collections2
instanceKlass com/google/common/collect/Iterables
instanceKlass com/google/common/collect/SortedMultiset
instanceKlass com/google/common/collect/SortedMultisetBridge
instanceKlass com/google/common/collect/Multiset$Entry
instanceKlass com/google/common/collect/Multisets
instanceKlass com/google/common/base/Optional
instanceKlass com/google/common/collect/TransformedIterator
instanceKlass com/google/common/collect/Maps$13
instanceKlass com/google/common/base/ExtraObjectsMethodsForWeb
instanceKlass com/google/common/collect/Maps$9
instanceKlass com/google/common/net/MediaType$1
instanceKlass java/util/DualPivotQuicksort
instanceKlass com/google/common/base/CharMatcher
instanceKlass com/google/common/collect/ImmutableMultimap$Builder
instanceKlass com/google/common/base/Ascii
instanceKlass com/google/common/base/Charsets
instanceKlass com/google/common/net/MediaType
instanceKlass com/google/common/collect/Maps$EntryTransformer
instanceKlass com/google/common/base/Converter
instanceKlass com/google/common/collect/SortedMapDifference
instanceKlass com/google/common/collect/MapDifference
instanceKlass com/google/common/collect/Maps
instanceKlass com/google/common/collect/Multiset
instanceKlass com/google/common/collect/ListMultimap
instanceKlass org/openqa/selenium/remote/http/HttpMessage
instanceKlass org/openqa/selenium/remote/NewSessionPayload$$Lambda$183
instanceKlass org/openqa/selenium/remote/NewSessionPayload$$Lambda$182
instanceKlass org/openqa/selenium/remote/NewSessionPayload$$Lambda$181
instanceKlass org/openqa/selenium/remote/NewSessionPayload$$Lambda$180
instanceKlass org/openqa/selenium/remote/NewSessionPayload$$Lambda$179
instanceKlass org/openqa/selenium/remote/NewSessionPayload$$Lambda$178
instanceKlass org/openqa/selenium/remote/NewSessionPayload$$Lambda$177
instanceKlass org/openqa/selenium/remote/NewSessionPayload$$Lambda$176
instanceKlass org/openqa/selenium/remote/NewSessionPayload$$Lambda$175
instanceKlass org/openqa/selenium/remote/NewSessionPayload$$Lambda$174
instanceKlass org/openqa/selenium/remote/NewSessionPayload$$Lambda$173
instanceKlass org/openqa/selenium/remote/session/SafariFilter$$Lambda$172
instanceKlass org/openqa/selenium/remote/session/SafariFilter$$Lambda$171
instanceKlass org/openqa/selenium/remote/session/SafariFilter$$Lambda$170
instanceKlass org/openqa/selenium/remote/session/SafariFilter$$Lambda$169
instanceKlass org/openqa/selenium/remote/session/OperaFilter$$Lambda$168
instanceKlass org/openqa/selenium/remote/session/OperaFilter$$Lambda$167
instanceKlass org/openqa/selenium/remote/session/OperaFilter$$Lambda$166
instanceKlass org/openqa/selenium/remote/session/OperaFilter$$Lambda$165
instanceKlass org/openqa/selenium/remote/session/InternetExplorerFilter$$Lambda$164
instanceKlass org/openqa/selenium/remote/session/InternetExplorerFilter$$Lambda$163
instanceKlass org/openqa/selenium/remote/session/InternetExplorerFilter$$Lambda$162
instanceKlass org/openqa/selenium/remote/session/InternetExplorerFilter$$Lambda$161
instanceKlass org/openqa/selenium/remote/session/FirefoxFilter$$Lambda$160
instanceKlass org/openqa/selenium/remote/session/FirefoxFilter$$Lambda$159
instanceKlass org/openqa/selenium/remote/session/FirefoxFilter$$Lambda$158
instanceKlass org/openqa/selenium/remote/session/FirefoxFilter$$Lambda$157
instanceKlass org/openqa/selenium/remote/session/FirefoxFilter$$Lambda$156
instanceKlass org/openqa/selenium/remote/session/FirefoxFilter$$Lambda$155
instanceKlass com/google/common/collect/CollectCollectors$$Lambda$154
instanceKlass com/google/common/collect/CollectCollectors$$Lambda$153
instanceKlass com/google/common/collect/CollectCollectors$$Lambda$152
instanceKlass java/lang/invoke/LambdaForm$DMH
instanceKlass com/google/common/collect/CollectCollectors$$Lambda$151
instanceKlass org/openqa/selenium/remote/session/EdgeFilter$$Lambda$150
instanceKlass org/openqa/selenium/remote/session/EdgeFilter$$Lambda$149
instanceKlass org/openqa/selenium/remote/session/EdgeFilter$$Lambda$148
instanceKlass org/openqa/selenium/remote/session/EdgeFilter$$Lambda$147
instanceKlass java/util/stream/Collectors$$Lambda$146
instanceKlass java/util/stream/Collectors$$Lambda$145
instanceKlass org/openqa/selenium/remote/NewSessionPayload$$Lambda$144
instanceKlass org/openqa/selenium/remote/NewSessionPayload$$Lambda$143
instanceKlass org/openqa/selenium/remote/NewSessionPayload$$Lambda$142
instanceKlass org/openqa/selenium/remote/NewSessionPayload$$Lambda$141
instanceKlass org/openqa/selenium/remote/NewSessionPayload$$Lambda$140
instanceKlass java/util/concurrent/ForkJoinPool$1
instanceKlass java/util/concurrent/ForkJoinPool$DefaultForkJoinWorkerThreadFactory
instanceKlass java/util/concurrent/ForkJoinPool$WorkQueue
instanceKlass java/util/concurrent/ForkJoinPool$ForkJoinWorkerThreadFactory
instanceKlass java/util/concurrent/ForkJoinTask
instanceKlass java/util/stream/AbstractPipeline$$Lambda$139
instanceKlass java/util/stream/Collectors$$Lambda$138
instanceKlass java/util/stream/Collectors$$Lambda$137
instanceKlass java/lang/invoke/LambdaForm$DMH
instanceKlass org/openqa/selenium/remote/session/ChromeFilter$$Lambda$136
instanceKlass org/openqa/selenium/remote/session/ChromeFilter$$Lambda$135
instanceKlass org/openqa/selenium/remote/session/ChromeFilter$$Lambda$134
instanceKlass org/openqa/selenium/remote/session/ChromeFilter$$Lambda$133
instanceKlass java/util/stream/DistinctOps
instanceKlass org/openqa/selenium/remote/session/ChromeFilter$$Lambda$132
instanceKlass org/openqa/selenium/remote/session/ChromeFilter$$Lambda$131
instanceKlass java/util/TreeMap$EntrySpliterator$$Lambda$130
instanceKlass java/lang/invoke/LambdaForm$BMH
instanceKlass java/lang/invoke/LambdaForm$MH
instanceKlass java/lang/invoke/LambdaForm$BMH
instanceKlass java/lang/invoke/LambdaForm$BMH
instanceKlass java/util/TreeMap$TreeMapSpliterator
instanceKlass org/openqa/selenium/remote/NewSessionPayload$$Lambda$129
instanceKlass org/openqa/selenium/remote/NewSessionPayload$$Lambda$128
instanceKlass java/lang/invoke/LambdaForm$BMH
instanceKlass org/openqa/selenium/remote/NewSessionPayload$$Lambda$127
instanceKlass org/openqa/selenium/remote/NewSessionPayload$$Lambda$126
instanceKlass org/openqa/selenium/remote/NewSessionPayload$$Lambda$125
instanceKlass org/openqa/selenium/remote/NewSessionPayload$$Lambda$124
instanceKlass org/openqa/selenium/remote/NewSessionPayload$$Lambda$123
instanceKlass com/google/common/collect/CollectCollectors$$Lambda$122
instanceKlass com/google/common/collect/CollectCollectors$$Lambda$121
instanceKlass com/google/common/collect/CollectCollectors$$Lambda$120
instanceKlass com/google/common/collect/CollectCollectors$$Lambda$119
instanceKlass com/google/common/collect/Ordering
instanceKlass org/openqa/selenium/remote/NewSessionPayload$$Lambda$118
instanceKlass org/openqa/selenium/remote/NewSessionPayload$$Lambda$117
instanceKlass java/util/HashMap$HashMapSpliterator
instanceKlass com/google/common/collect/Sets
instanceKlass org/openqa/selenium/remote/NewSessionPayload$$Lambda$116
instanceKlass org/openqa/selenium/remote/NewSessionPayload$$Lambda$115
instanceKlass org/openqa/selenium/remote/NewSessionPayload$$Lambda$114
instanceKlass org/openqa/selenium/remote/NewSessionPayload$$Lambda$113
instanceKlass org/openqa/selenium/remote/NewSessionPayload$$Lambda$112
instanceKlass java/util/Collections$2
instanceKlass org/openqa/selenium/json/JsonInput$1
instanceKlass org/openqa/selenium/json/CollectionCoercer$$Lambda$111
instanceKlass org/openqa/selenium/json/CollectionCoercer$$Lambda$110
instanceKlass org/openqa/selenium/json/ObjectCoercer$1
instanceKlass org/openqa/selenium/json/ObjectCoercer$$Lambda$109
instanceKlass org/openqa/selenium/json/StringCoercer$1
instanceKlass org/openqa/selenium/json/StringCoercer$$Lambda$108
instanceKlass java/lang/invoke/LambdaForm$MH
instanceKlass org/openqa/selenium/json/MapCoercer$$Lambda$107
instanceKlass java/util/Spliterators$IteratorSpliterator
instanceKlass org/openqa/selenium/json/JsonInputIterator
instanceKlass org/openqa/selenium/json/JsonTypeCoercer$$Lambda$106
instanceKlass org/openqa/selenium/json/JsonTypeCoercer$$Lambda$105
instanceKlass org/openqa/selenium/json/JsonTypeCoercer$$Lambda$104
instanceKlass java/lang/invoke/LambdaForm$MH
instanceKlass org/openqa/selenium/json/MapCoercer$$Lambda$103
instanceKlass org/openqa/selenium/json/JsonTypeCoercer$$Lambda$102
instanceKlass org/openqa/selenium/remote/Response
instanceKlass com/google/common/primitives/Primitives
instanceKlass org/openqa/selenium/json/Types
instanceKlass org/openqa/selenium/json/JsonTypeCoercer$$Lambda$101
instanceKlass org/openqa/selenium/json/JsonTypeCoercer$$Lambda$100
instanceKlass org/openqa/selenium/json/Input
instanceKlass org/openqa/selenium/json/JsonInput
instanceKlass org/openqa/selenium/remote/session/W3CPlatformNameNormaliser
instanceKlass org/openqa/selenium/remote/session/StripAnyPlatform
instanceKlass org/openqa/selenium/remote/session/ProxyTransform
instanceKlass org/openqa/selenium/remote/NewSessionPayload$$Lambda$99
instanceKlass org/openqa/selenium/remote/session/CapabilityTransform
instanceKlass org/openqa/selenium/remote/session/SafariFilter
instanceKlass org/openqa/selenium/remote/session/OperaFilter
instanceKlass org/openqa/selenium/remote/session/InternetExplorerFilter
instanceKlass org/openqa/selenium/remote/session/FirefoxFilter
instanceKlass org/openqa/selenium/remote/session/EdgeFilter
instanceKlass org/openqa/selenium/remote/session/ChromeFilter
instanceKlass org/openqa/selenium/remote/NewSessionPayload$$Lambda$98
instanceKlass org/openqa/selenium/remote/session/CapabilitiesFilter
instanceKlass com/google/common/io/CharStreams
instanceKlass org/openqa/selenium/json/JsonOutput$$Lambda$97
instanceKlass java/util/function/UnaryOperator
instanceKlass java/util/stream/Sink$ChainedInt
instanceKlass java/util/stream/Sink$OfInt
instanceKlass java/util/function/IntConsumer
instanceKlass java/util/Spliterators$IntIteratorSpliterator
instanceKlass java/lang/CharSequence$1CharIterator
instanceKlass java/util/PrimitiveIterator$OfInt
instanceKlass java/util/PrimitiveIterator
instanceKlass java/util/stream/ForEachOps$ForEachOp
instanceKlass java/util/stream/ForEachOps
instanceKlass org/openqa/selenium/json/JsonOutput$$Lambda$96
instanceKlass org/openqa/selenium/json/JsonOutput$$Lambda$95
instanceKlass java/util/function/IntFunction
instanceKlass java/lang/invoke/LambdaForm$DMH
instanceKlass java/util/stream/IntStream
instanceKlass java/lang/CharSequence$$Lambda$94
instanceKlass org/openqa/selenium/json/JsonOutput$$Lambda$93
instanceKlass java/lang/invoke/LambdaForm$DMH
instanceKlass org/openqa/selenium/json/JsonOutput$$Lambda$92
instanceKlass org/openqa/selenium/json/JsonOutput$$Lambda$91
instanceKlass java/lang/invoke/LambdaForm$DMH
instanceKlass com/google/common/collect/AbstractMultimap
instanceKlass com/google/common/collect/SetMultimap
instanceKlass com/google/common/collect/Multimap
instanceKlass java/util/stream/FindOps$$Lambda$90
instanceKlass java/util/stream/FindOps$FindSink
instanceKlass java/util/stream/FindOps$$Lambda$89
instanceKlass java/util/Optional
instanceKlass java/util/stream/FindOps$FindOp
instanceKlass java/util/stream/FindOps
instanceKlass org/openqa/selenium/json/JsonOutput$$Lambda$88
instanceKlass java/lang/invoke/LambdaForm$DMH
instanceKlass org/openqa/selenium/json/JsonOutput$$Lambda$87
instanceKlass org/openqa/selenium/json/JsonOutput$$Lambda$86
instanceKlass org/openqa/selenium/json/JsonOutput$$Lambda$85
instanceKlass org/openqa/selenium/json/JsonOutput$$Lambda$84
instanceKlass java/lang/invoke/LambdaForm$DMH
instanceKlass org/openqa/selenium/json/JsonOutput$$Lambda$83
instanceKlass org/openqa/selenium/json/JsonOutput$$Lambda$82
instanceKlass org/openqa/selenium/json/JsonOutput$$Lambda$81
instanceKlass org/openqa/selenium/json/JsonOutput$$Lambda$80
instanceKlass org/openqa/selenium/json/JsonOutput$$Lambda$79
instanceKlass org/openqa/selenium/json/JsonOutput$$Lambda$78
instanceKlass org/openqa/selenium/json/JsonOutput$$Lambda$77
instanceKlass org/openqa/selenium/json/JsonOutput$$Lambda$76
instanceKlass org/openqa/selenium/json/JsonOutput$$Lambda$75
instanceKlass org/openqa/selenium/json/JsonOutput$$Lambda$74
instanceKlass org/openqa/selenium/json/JsonOutput$$Lambda$73
instanceKlass org/openqa/selenium/json/JsonOutput$$Lambda$72
instanceKlass org/openqa/selenium/json/JsonOutput$$Lambda$71
instanceKlass org/openqa/selenium/remote/SessionId
instanceKlass org/openqa/selenium/json/JsonOutput$$Lambda$70
instanceKlass org/openqa/selenium/json/JsonOutput$$Lambda$69
instanceKlass org/openqa/selenium/json/JsonOutput$$Lambda$68
instanceKlass org/openqa/selenium/json/JsonOutput$$Lambda$67
instanceKlass org/openqa/selenium/json/JsonOutput$$Lambda$66
instanceKlass org/openqa/selenium/json/JsonOutput$$Lambda$65
instanceKlass org/openqa/selenium/json/JsonOutput$$Lambda$64
instanceKlass org/openqa/selenium/json/JsonOutput$$Lambda$63
instanceKlass org/openqa/selenium/json/JsonOutput$$Lambda$62
instanceKlass org/openqa/selenium/json/JsonOutput$$Lambda$61
instanceKlass org/openqa/selenium/json/JsonOutput$$Lambda$60
instanceKlass org/openqa/selenium/json/JsonOutput$$Lambda$59
instanceKlass org/openqa/selenium/json/JsonOutput$$Lambda$58
instanceKlass org/openqa/selenium/json/JsonOutput$$Lambda$57
instanceKlass org/openqa/selenium/json/JsonOutput$$Lambda$56
instanceKlass org/openqa/selenium/json/JsonOutput$$Lambda$55
instanceKlass org/openqa/selenium/json/JsonOutput$$Lambda$54
instanceKlass org/openqa/selenium/json/JsonOutput$$Lambda$53
instanceKlass org/openqa/selenium/json/JsonOutput$$Lambda$52
instanceKlass org/openqa/selenium/json/JsonOutput$$Lambda$51
instanceKlass org/openqa/selenium/json/JsonOutput$$Lambda$50
instanceKlass org/openqa/selenium/json/JsonOutput$SafeBiConsumer
instanceKlass java/lang/invoke/LambdaForm$DMH
instanceKlass org/openqa/selenium/json/JsonOutput$$Lambda$49
instanceKlass org/openqa/selenium/json/JsonOutput$Node
instanceKlass org/openqa/selenium/json/JsonOutput$$Lambda$48
instanceKlass com/google/common/collect/ImmutableMap$Builder
instanceKlass org/openqa/selenium/json/JsonOutput$$Lambda$47
instanceKlass org/openqa/selenium/json/JsonOutput
instanceKlass org/openqa/selenium/json/JsonTypeCoercer$$Lambda$46
instanceKlass org/openqa/selenium/json/JsonTypeCoercer$$Lambda$45
instanceKlass org/openqa/selenium/json/JsonTypeCoercer$$Lambda$44
instanceKlass org/openqa/selenium/json/JsonTypeCoercer$$Lambda$43
instanceKlass java/util/stream/Collectors$$Lambda$42
instanceKlass java/util/stream/Collectors$$Lambda$41
instanceKlass java/lang/invoke/LambdaForm$DMH
instanceKlass org/openqa/selenium/json/JsonTypeCoercer$$Lambda$40
instanceKlass java/util/stream/Collectors$$Lambda$39
instanceKlass org/openqa/selenium/json/JsonTypeCoercer$$Lambda$38
instanceKlass org/openqa/selenium/json/JsonTypeCoercer$$Lambda$37
instanceKlass org/openqa/selenium/json/JsonTypeCoercer$$Lambda$36
instanceKlass java/lang/invoke/LambdaForm$DMH
instanceKlass org/openqa/selenium/json/JsonTypeCoercer$$Lambda$35
instanceKlass org/openqa/selenium/json/JsonTypeCoercer$$Lambda$34
instanceKlass org/openqa/selenium/json/JsonTypeCoercer$$Lambda$33
instanceKlass java/lang/invoke/LambdaForm$DMH
instanceKlass org/openqa/selenium/json/JsonTypeCoercer$$Lambda$32
instanceKlass org/openqa/selenium/json/JsonTypeCoercer$$Lambda$31
instanceKlass java/lang/invoke/LambdaForm$DMH
instanceKlass org/openqa/selenium/json/JsonTypeCoercer$$Lambda$30
instanceKlass java/lang/invoke/LambdaForm$DMH
instanceKlass org/openqa/selenium/json/JsonTypeCoercer$$Lambda$29
instanceKlass java/lang/invoke/LambdaForm$DMH
instanceKlass org/openqa/selenium/json/TypeCoercer
instanceKlass org/openqa/selenium/json/JsonTypeCoercer
instanceKlass com/google/common/reflect/TypeCapture
instanceKlass org/openqa/selenium/json/Json
instanceKlass java/util/stream/StreamSpliterators$WrappingSpliterator$$Lambda$28
instanceKlass java/lang/invoke/LambdaForm$DMH
instanceKlass com/google/common/collect/CollectCollectors$$Lambda$27
instanceKlass com/google/common/collect/CollectCollectors$$Lambda$26
instanceKlass com/google/common/collect/CollectCollectors$$Lambda$25
instanceKlass com/google/common/collect/RangeGwtSerializationDependencies
instanceKlass com/google/common/base/Predicate
instanceKlass com/google/common/collect/CollectCollectors$$Lambda$24
instanceKlass com/google/common/collect/SortedIterable
instanceKlass com/google/common/collect/ImmutableRangeSet$Builder
instanceKlass com/google/common/collect/AbstractRangeSet
instanceKlass com/google/common/collect/RangeSet
instanceKlass com/google/common/collect/CollectCollectors$$Lambda$23
instanceKlass com/google/common/collect/CollectCollectors$$Lambda$22
instanceKlass com/google/common/collect/CollectCollectors$$Lambda$21
instanceKlass com/google/common/collect/CollectCollectors$$Lambda$20
instanceKlass java/util/stream/Collectors$CollectorImpl
instanceKlass java/util/stream/Collectors
instanceKlass java/util/stream/Collector
instanceKlass com/google/common/collect/CollectCollectors$$Lambda$19
instanceKlass com/google/common/collect/CollectCollectors$$Lambda$18
instanceKlass com/google/common/collect/CollectCollectors$$Lambda$17
instanceKlass com/google/common/collect/CollectCollectors$$Lambda$16
instanceKlass com/google/common/collect/CollectCollectors
instanceKlass java/util/stream/Streams$2
instanceKlass java/util/stream/Streams
instanceKlass java/util/stream/StreamSpliterators$AbstractWrappingSpliterator
instanceKlass java/util/stream/AbstractPipeline$$Lambda$15
instanceKlass java/util/stream/Streams$ConcatSpliterator
instanceKlass org/openqa/selenium/chrome/ChromeOptions$$Lambda$14
instanceKlass java/util/ArrayList$ArrayListSpliterator
instanceKlass org/openqa/selenium/chrome/ChromeOptions$$Lambda$13
instanceKlass java/util/function/BiConsumer
instanceKlass java/lang/invoke/LambdaForm$DMH
instanceKlass java/util/TreeMap$PrivateEntryIterator
instanceKlass java/util/function/Predicate$$Lambda$12
instanceKlass java/lang/invoke/LambdaForm$DMH
instanceKlass java/util/regex/Pattern$$Lambda$11
instanceKlass java/lang/invoke/LambdaForm$DMH
instanceKlass java/util/stream/Sink$ChainedReference
instanceKlass java/util/stream/ReduceOps$Box
instanceKlass java/util/stream/ReduceOps$AccumulatingSink
instanceKlass java/util/stream/TerminalSink
instanceKlass java/util/stream/Sink
instanceKlass java/util/function/Consumer
instanceKlass java/util/stream/ReduceOps$ReduceOp
instanceKlass java/util/stream/TerminalOp
instanceKlass java/util/stream/ReduceOps
instanceKlass org/openqa/selenium/remote/AcceptedW3CCapabilityKeys$$Lambda$10
instanceKlass java/util/function/BinaryOperator
instanceKlass java/lang/invoke/LambdaForm$DMH
instanceKlass org/openqa/selenium/remote/AcceptedW3CCapabilityKeys$$Lambda$9
instanceKlass java/lang/invoke/LambdaForm$DMH
instanceKlass java/lang/invoke/LambdaForm$DMH
instanceKlass org/openqa/selenium/remote/AcceptedW3CCapabilityKeys$$Lambda$8
instanceKlass org/openqa/selenium/remote/AcceptedW3CCapabilityKeys$$Lambda$7
instanceKlass java/util/EnumMap$1
instanceKlass java/util/stream/StreamOpFlag$MaskBuilder
instanceKlass java/util/stream/PipelineHelper
instanceKlass java/util/stream/StreamSupport
instanceKlass java/util/Spliterators$ArraySpliterator
instanceKlass java/util/Spliterator$OfDouble
instanceKlass java/util/Spliterator$OfLong
instanceKlass java/util/Spliterator$OfInt
instanceKlass java/util/Spliterator$OfPrimitive
instanceKlass java/util/Spliterators$EmptySpliterator
instanceKlass java/util/Spliterator
instanceKlass java/util/Spliterators
instanceKlass java/util/stream/Stream
instanceKlass java/util/stream/BaseStream
instanceKlass org/openqa/selenium/remote/AcceptedW3CCapabilityKeys
instanceKlass org/openqa/selenium/remote/ResponseCodec
instanceKlass org/openqa/selenium/remote/CommandCodec
instanceKlass java/util/function/Predicate
instanceKlass org/openqa/selenium/remote/NewSessionPayload
instanceKlass com/google/common/io/CharSource
instanceKlass com/google/common/hash/PrimitiveSink
instanceKlass com/google/common/io/ByteSource
instanceKlass org/openqa/selenium/logging/LogEntry$$Lambda$6
instanceKlass java/lang/invoke/LambdaForm$DMH
instanceKlass org/openqa/selenium/remote/ProtocolHandshake
instanceKlass sun/net/www/http/KeepAliveEntry
instanceKlass sun/net/www/http/KeepAliveCache$1
instanceKlass sun/net/www/http/KeepAliveStreamCleaner$2
instanceKlass sun/net/www/http/KeepAliveStreamCleaner$1
instanceKlass sun/net/www/http/Hurryable
instanceKlass sun/net/www/protocol/http/AuthCacheImpl
instanceKlass sun/net/www/protocol/http/AuthCache
instanceKlass sun/net/www/protocol/http/AuthCacheValue
instanceKlass sun/net/DefaultProgressMeteringPolicy
instanceKlass sun/net/ProgressMeteringPolicy
instanceKlass sun/net/ProgressMonitor
instanceKlass org/apache/commons/exec/StreamPumper
instanceKlass java/lang/ProcessImpl$2
instanceKlass sun/net/www/http/HttpCapture$1
instanceKlass sun/net/www/http/HttpCapture
instanceKlass sun/net/www/http/KeepAliveKey
instanceKlass sun/net/NetworkClient$1
instanceKlass sun/net/NetworkClient
instanceKlass sun/net/www/protocol/http/HttpURLConnection$7
instanceKlass java/net/ResponseCache
instanceKlass sun/net/www/protocol/http/HttpURLConnection$3
instanceKlass java/net/CookieHandler
instanceKlass sun/net/www/protocol/http/HttpURLConnection$2
instanceKlass java/util/ResourceBundle$Control$1
instanceKlass java/util/ResourceBundle$CacheKeyReference
instanceKlass java/util/ResourceBundle$CacheKey
instanceKlass java/util/ResourceBundle$Control
instanceKlass java/util/ResourceBundle$RBClassLoader$1
instanceKlass java/util/spi/ResourceBundleControlProvider
instanceKlass java/util/ResourceBundle
instanceKlass java/util/logging/Logger$1
instanceKlass sun/net/www/protocol/http/HttpURLConnection$$Lambda$5
instanceKlass sun/security/action/GetIntegerAction
instanceKlass sun/nio/ch/Interruptible
instanceKlass java/util/concurrent/locks/LockSupport
instanceKlass java/util/concurrent/FutureTask$WaitNode
instanceKlass java/util/concurrent/FutureTask
